2023-10-07 12:59:50,058 [INFO] Activator:176 - 


2023-10-07 12:59:50,061 [INFO] Activator:177 - !SESSION log4j initialized
2023-10-07 12:59:55,428 [INFO] LogOutputStream:77 - [STDOUT_REDIRECT] 
2023-10-07 13:00:00,758 [INFO] ApplicationProperties:184 - Using Application install path: C:\ST\STM32CubeIDE_1.13.1\STM32CubeIDE\plugins\com.st.stm32cube.common.mx_6.9.1.202307191849
2023-10-07 13:00:00,803 [INFO] DbMcusXml:78 - Set database path to: C:\ST\STM32CubeIDE_1.13.1\STM32CubeIDE\plugins\com.st.stm32cube.common.mx_6.9.1.202307191849\\db\/mcu/
2023-10-07 13:00:00,803 [INFO] ApiDb:274 - Set plugin database path to: C:\ST\STM32CubeIDE_1.13.1\STM32CubeIDE\plugins\com.st.stm32cube.common.mx_6.9.1.202307191849\\db\/plugins/boardmanager/
2023-10-07 13:00:00,804 [WARN] ApiDb:259 - Overriding images path with different value:  => C:\ST\STM32CubeIDE_1.13.1\STM32CubeIDE\plugins\com.st.stm32cube.common.mx_6.9.1.202307191849\\db\/plugins/mcufinder/images/
2023-10-07 13:00:00,843 [INFO] ApiDb:250 - Set database path to: C:\Users\mdurr\.stmcufinder\plugins\mcufinder//mcu/
2023-10-07 13:00:00,845 [INFO] DbMcusAds:125 - Set database path to: C:\Users\mdurr\.stmcufinder\plugins\mcufinder//mcu/
2023-10-07 13:00:00,850 [INFO] CrossReferenceDbSqlite:203 - Set database path to: C:\Users\mdurr\.stmcufinder\plugins\mcufinder//mcu/cs/
2023-10-07 13:00:01,230 [INFO] RulesReader:64 - Compatibility file has been processed (293 Rules)
2023-10-07 13:00:01,438 [INFO] DbMcusXml:78 - Set database path to: C:\ST\STM32CubeIDE_1.13.1\STM32CubeIDE\plugins\com.st.stm32cube.common.mx_6.9.1.202307191849\\db\/mcu/
2023-10-07 13:00:01,438 [INFO] ApiDb:274 - Set plugin database path to: C:\ST\STM32CubeIDE_1.13.1\STM32CubeIDE\plugins\com.st.stm32cube.common.mx_6.9.1.202307191849\\db\/plugins/boardmanager/
2023-10-07 13:00:01,438 [INFO] ApiDb:261 - Set plugin images path to: C:\ST\STM32CubeIDE_1.13.1\STM32CubeIDE\plugins\com.st.stm32cube.common.mx_6.9.1.202307191849\\db\/plugins/mcufinder/images/
2023-10-07 13:00:01,439 [WARN] DbFile:41 - Overriding database path with different value: C:\Users\mdurr\.stmcufinder\plugins\mcufinder/ => C:\Users\mdurr\.stmcufinder\plugins\mcufinder
2023-10-07 13:00:01,439 [INFO] ApiDb:250 - Set database path to: C:\Users\mdurr\.stmcufinder\plugins\mcufinder//mcu/
2023-10-07 13:00:01,440 [WARN] DbFile:41 - Overriding database path with different value: C:\Users\mdurr\.stmcufinder\plugins\mcufinder/ => C:\Users\mdurr\.stmcufinder\plugins\mcufinder
2023-10-07 13:00:01,440 [INFO] DbMcusAds:125 - Set database path to: C:\Users\mdurr\.stmcufinder\plugins\mcufinder//mcu/
2023-10-07 13:00:01,440 [WARN] DbFile:41 - Overriding database path with different value: C:\Users\mdurr\.stmcufinder\plugins\mcufinder/ => C:\Users\mdurr\.stmcufinder\plugins\mcufinder
2023-10-07 13:00:01,441 [WARN] DbFile:41 - Overriding database path with different value: C:\Users\mdurr\.stmcufinder\plugins\mcufinder/ => C:\Users\mdurr\.stmcufinder\plugins\mcufinder
2023-10-07 13:00:01,441 [INFO] CrossReferenceDbSqlite:203 - Set database path to: C:\Users\mdurr\.stmcufinder\plugins\mcufinder//mcu/cs/
2023-10-07 13:00:01,594 [INFO] MainPanel:262 - HeapMemory: 268435456
2023-10-07 13:00:01,740 [INFO] DbMcusXml:78 - Set database path to: C:\ST\STM32CubeIDE_1.13.1\STM32CubeIDE\plugins\com.st.stm32cube.common.mx_6.9.1.202307191849\\db\/mcu/
2023-10-07 13:00:01,740 [INFO] ApiDb:274 - Set plugin database path to: C:\ST\STM32CubeIDE_1.13.1\STM32CubeIDE\plugins\com.st.stm32cube.common.mx_6.9.1.202307191849\\db\/plugins/boardmanager/
2023-10-07 13:00:01,741 [INFO] ApiDb:261 - Set plugin images path to: C:\ST\STM32CubeIDE_1.13.1\STM32CubeIDE\plugins\com.st.stm32cube.common.mx_6.9.1.202307191849\\db\/plugins/mcufinder/images/
2023-10-07 13:00:01,742 [WARN] DbFile:41 - Overriding database path with different value: C:\Users\mdurr\.stmcufinder\plugins\mcufinder/ => C:\Users\mdurr\.stmcufinder\plugins\mcufinder
2023-10-07 13:00:01,742 [INFO] ApiDb:250 - Set database path to: C:\Users\mdurr\.stmcufinder\plugins\mcufinder//mcu/
2023-10-07 13:00:01,742 [WARN] DbFile:41 - Overriding database path with different value: C:\Users\mdurr\.stmcufinder\plugins\mcufinder/ => C:\Users\mdurr\.stmcufinder\plugins\mcufinder
2023-10-07 13:00:01,744 [INFO] DbMcusAds:125 - Set database path to: C:\Users\mdurr\.stmcufinder\plugins\mcufinder//mcu/
2023-10-07 13:00:01,744 [WARN] DbFile:41 - Overriding database path with different value: C:\Users\mdurr\.stmcufinder\plugins\mcufinder/ => C:\Users\mdurr\.stmcufinder\plugins\mcufinder
2023-10-07 13:00:01,744 [WARN] DbFile:41 - Overriding database path with different value: C:\Users\mdurr\.stmcufinder\plugins\mcufinder/ => C:\Users\mdurr\.stmcufinder\plugins\mcufinder
2023-10-07 13:00:01,744 [INFO] CrossReferenceDbSqlite:203 - Set database path to: C:\Users\mdurr\.stmcufinder\plugins\mcufinder//mcu/cs/
2023-10-07 13:00:01,770 [INFO] ApplicationProperties:184 - Using Application install path: C:\ST\STM32CubeIDE_1.13.1\STM32CubeIDE\plugins\com.st.stm32cube.common.mx_6.9.1.202307191849
2023-10-07 13:00:01,774 [INFO] PluginManage:196 - Search for loadable plugins [exclusion list=, ]
2023-10-07 13:00:01,777 [INFO] PluginManage:310 - Check plugin analytics
2023-10-07 13:00:02,160 [INFO] AnalyticsPlugin:253 - Accepted Software Licenses: STM32CubeMX.6.9.1
2023-10-07 13:00:02,162 [INFO] AnalyticsPlugin:255 - Accepted CMSIS Pack Licenses: 
2023-10-07 13:00:02,163 [INFO] AnalyticsPlugin:257 - Accepted Firmware Licenses: FW.L4.1.18.0,FW.H7.1.11.0
2023-10-07 13:00:02,170 [INFO] PluginManage:359 - Loaded plugin analytics (category:tool,tabindex:-1)
2023-10-07 13:00:02,171 [INFO] PluginManage:310 - Check plugin cadmodel
2023-10-07 13:00:02,185 [INFO] CADModel:105 - Init CAD model plugin
2023-10-07 13:00:02,185 [INFO] PluginManage:359 - Loaded plugin cadmodel (category:power,tabindex:5)
2023-10-07 13:00:02,186 [INFO] PluginManage:310 - Check plugin clock
2023-10-07 13:00:02,216 [INFO] PluginManage:359 - Loaded plugin clock (category:base,tabindex:2)
2023-10-07 13:00:02,216 [INFO] PluginManage:310 - Check plugin ddr
2023-10-07 13:00:02,221 [INFO] PluginManage:359 - Loaded plugin ddr (category:tool,tabindex:6)
2023-10-07 13:00:02,221 [INFO] PluginManage:310 - Check plugin filemanager
2023-10-07 13:00:02,535 [INFO] PluginManage:359 - Loaded plugin filemanager (category:base,tabindex:10)
2023-10-07 13:00:02,535 [INFO] PluginManage:310 - Check plugin ipmanager
2023-10-07 13:00:02,554 [INFO] PluginManage:359 - Loaded plugin ipmanager (category:base,tabindex:5)
2023-10-07 13:00:02,554 [INFO] PluginManage:310 - Check plugin lpbam
2023-10-07 13:00:02,577 [INFO] PluginManage:359 - Loaded plugin lpbam (category:base,tabindex:0)
2023-10-07 13:00:02,577 [INFO] PluginManage:310 - Check plugin memorymap
2023-10-07 13:00:02,619 [INFO] PluginManage:359 - Loaded plugin memorymap (category:base,tabindex:4)
2023-10-07 13:00:02,620 [INFO] PluginManage:310 - Check plugin pinoutandconfiguration
2023-10-07 13:00:02,639 [INFO] PluginManage:359 - Loaded plugin pinoutandconfiguration (category:base,tabindex:1)
2023-10-07 13:00:02,639 [INFO] PluginManage:310 - Check plugin pinoutconfig
2023-10-07 13:00:02,969 [WARN] SupportedApi:132 - Cannot load RTOS API schema: s4s-elt-must-match.1: The content of 'definitions' must match (annotation?, (simpleType | complexType)?, (unique | key | keyref)*)). A problem was found starting at: attribute.
2023-10-07 13:00:03,479 [INFO] PluginManage:359 - Loaded plugin pinoutconfig (category:base,tabindex:0)
2023-10-07 13:00:03,480 [INFO] PluginManage:310 - Check plugin power
2023-10-07 13:00:03,511 [INFO] PluginManage:359 - Loaded plugin power (category:power,tabindex:4)
2023-10-07 13:00:03,513 [INFO] PluginManage:310 - Check plugin projectmanager
2023-10-07 13:00:03,560 [INFO] PluginManage:359 - Loaded plugin projectmanager (category:projectmanager,tabindex:3)
2023-10-07 13:00:03,561 [INFO] PluginManage:310 - Check plugin thirdparty
2023-10-07 13:00:04,031 [INFO] PluginManage:359 - Loaded plugin thirdparty (category:base,tabindex:-1)
2023-10-07 13:00:04,030 [WARN] IntegrityCheckThread:84 - waiting for thirdparty lock release [integrity check]
2023-10-07 13:00:04,031 [INFO] IntegrityCheckThread:86 - entering critical section [integrity check]
2023-10-07 13:00:04,031 [INFO] PluginManage:310 - Check plugin tools
2023-10-07 13:00:04,033 [INFO] ThirdPartyUpdaterWithRetryManager:70 - Updater plugin not ready yet. [1/15]
2023-10-07 13:00:04,041 [INFO] PluginManage:359 - Loaded plugin tools (category:base,tabindex:7)
2023-10-07 13:00:04,042 [INFO] PluginManage:310 - Check plugin tutovideos
2023-10-07 13:00:04,499 [INFO] PluginManage:359 - Loaded plugin tutovideos (category:base,tabindex:-1)
2023-10-07 13:00:04,499 [INFO] PluginManage:310 - Check plugin updater
2023-10-07 13:00:04,529 [INFO] PluginManage:359 - Loaded plugin updater (category:base,tabindex:12)
2023-10-07 13:00:04,529 [INFO] PluginManage:310 - Check plugin userauth
2023-10-07 13:00:04,541 [INFO] UserAuth:113 - Init User Auth plugin
2023-10-07 13:00:04,541 [INFO] PluginManage:359 - Loaded plugin userauth (category:base,tabindex:14)
2023-10-07 13:00:04,545 [INFO] PluginManage:283 - PluginManage : Loaded plugins [17]
2023-10-07 13:00:05,074 [INFO] PinOutPanel:1499 - setPackage(No Configuration,No Configuration)
2023-10-07 13:00:05,309 [INFO] CADModel:165 - CPN selected for project level
2023-10-07 13:00:05,310 [INFO] CADModel:114 - Register for checkConnection events
2023-10-07 13:00:05,342 [INFO] IPUIPlugin:80 - create IPUIPlugin
2023-10-07 13:00:05,342 [INFO] PluginManager:220 - loadIPPluginJar : add adc
2023-10-07 13:00:05,351 [INFO] IPUIPlugin:80 - create IPUIPlugin
2023-10-07 13:00:05,351 [INFO] PluginManager:220 - loadIPPluginJar : add aes
2023-10-07 13:00:05,356 [INFO] IPUIPlugin:80 - create IPUIPlugin
2023-10-07 13:00:05,356 [INFO] PluginManager:220 - loadIPPluginJar : add can
2023-10-07 13:00:05,359 [INFO] IPUIPlugin:80 - create IPUIPlugin
2023-10-07 13:00:05,360 [INFO] PluginManager:220 - loadIPPluginJar : add comp
2023-10-07 13:00:05,367 [INFO] IPUIPlugin:80 - create IPUIPlugin
2023-10-07 13:00:05,367 [INFO] PluginManager:220 - loadIPPluginJar : add cryp
2023-10-07 13:00:05,372 [INFO] IPUIPlugin:80 - create IPUIPlugin
2023-10-07 13:00:05,372 [INFO] PluginManager:220 - loadIPPluginJar : add dfsdm
2023-10-07 13:00:05,386 [INFO] IPUIPlugin:80 - create IPUIPlugin
2023-10-07 13:00:05,387 [INFO] PluginManager:220 - loadIPPluginJar : add dma
2023-10-07 13:00:05,392 [INFO] IPUIPlugin:80 - create IPUIPlugin
2023-10-07 13:00:05,392 [INFO] PluginManager:220 - loadIPPluginJar : add dma3
2023-10-07 13:00:05,397 [INFO] IPUIPlugin:80 - create IPUIPlugin
2023-10-07 13:00:05,397 [INFO] PluginManager:220 - loadIPPluginJar : add fatfs
2023-10-07 13:00:05,406 [INFO] IPUIPlugin:80 - create IPUIPlugin
2023-10-07 13:00:05,406 [INFO] PluginManager:220 - loadIPPluginJar : add fmc
2023-10-07 13:00:05,419 [INFO] IPUIPlugin:80 - create IPUIPlugin
2023-10-07 13:00:05,420 [INFO] PluginManager:220 - loadIPPluginJar : add freertos
2023-10-07 13:00:05,424 [INFO] IPUIPlugin:80 - create IPUIPlugin
2023-10-07 13:00:05,424 [INFO] PluginManager:220 - loadIPPluginJar : add genericplugin
2023-10-07 13:00:05,429 [INFO] IPUIPlugin:80 - create IPUIPlugin
2023-10-07 13:00:05,429 [INFO] PluginManager:220 - loadIPPluginJar : add gfxmmu
2023-10-07 13:00:05,439 [INFO] IPUIPlugin:80 - create IPUIPlugin
2023-10-07 13:00:05,439 [INFO] PluginManager:220 - loadIPPluginJar : add gic
2023-10-07 13:00:05,449 [INFO] IPUIPlugin:80 - create IPUIPlugin
2023-10-07 13:00:05,449 [INFO] PluginManager:220 - loadIPPluginJar : add gpio
2023-10-07 13:00:05,455 [INFO] IPUIPlugin:80 - create IPUIPlugin
2023-10-07 13:00:05,455 [INFO] PluginManager:220 - loadIPPluginJar : add gtzc
2023-10-07 13:00:05,459 [INFO] IPUIPlugin:80 - create IPUIPlugin
2023-10-07 13:00:05,459 [INFO] PluginManager:220 - loadIPPluginJar : add hash
2023-10-07 13:00:05,466 [INFO] IPUIPlugin:80 - create IPUIPlugin
2023-10-07 13:00:05,466 [INFO] PluginManager:220 - loadIPPluginJar : add i2c
2023-10-07 13:00:05,471 [INFO] IPUIPlugin:80 - create IPUIPlugin
2023-10-07 13:00:05,471 [INFO] PluginManager:220 - loadIPPluginJar : add i2s
2023-10-07 13:00:05,476 [INFO] IPUIPlugin:80 - create IPUIPlugin
2023-10-07 13:00:05,476 [INFO] PluginManager:220 - loadIPPluginJar : add i3c
2023-10-07 13:00:05,483 [INFO] IPUIPlugin:80 - create IPUIPlugin
2023-10-07 13:00:05,483 [INFO] PluginManager:220 - loadIPPluginJar : add ipddr
2023-10-07 13:00:05,496 [INFO] IPUIPlugin:80 - create IPUIPlugin
2023-10-07 13:00:05,497 [INFO] PluginManager:220 - loadIPPluginJar : add linkedlist
2023-10-07 13:00:05,502 [INFO] IPUIPlugin:80 - create IPUIPlugin
2023-10-07 13:00:05,502 [INFO] PluginManager:220 - loadIPPluginJar : add lorawan
2023-10-07 13:00:05,505 [INFO] IPUIPlugin:80 - create IPUIPlugin
2023-10-07 13:00:05,505 [INFO] PluginManager:220 - loadIPPluginJar : add ltdc
2023-10-07 13:00:05,517 [INFO] IPUIPlugin:80 - create IPUIPlugin
2023-10-07 13:00:05,517 [INFO] PluginManager:220 - loadIPPluginJar : add mdma
2023-10-07 13:00:05,524 [INFO] IPUIPlugin:80 - create IPUIPlugin
2023-10-07 13:00:05,525 [INFO] PluginManager:220 - loadIPPluginJar : add nvic
2023-10-07 13:00:05,531 [INFO] IPUIPlugin:80 - create IPUIPlugin
2023-10-07 13:00:05,531 [INFO] PluginManager:220 - loadIPPluginJar : add opamp
2023-10-07 13:00:05,537 [INFO] IPUIPlugin:80 - create IPUIPlugin
2023-10-07 13:00:05,538 [INFO] PluginManager:220 - loadIPPluginJar : add openamp
2023-10-07 13:00:05,543 [INFO] IPUIPlugin:80 - create IPUIPlugin
2023-10-07 13:00:05,543 [INFO] PluginManager:220 - loadIPPluginJar : add pdm2pcm
2023-10-07 13:00:05,555 [INFO] IPUIPlugin:80 - create IPUIPlugin
2023-10-07 13:00:05,559 [INFO] PluginManager:220 - loadIPPluginJar : add plateformsettings
2023-10-07 13:00:05,562 [INFO] IPUIPlugin:80 - create IPUIPlugin
2023-10-07 13:00:05,562 [INFO] PluginManager:220 - loadIPPluginJar : add quadspi
2023-10-07 13:00:05,569 [INFO] IPUIPlugin:80 - create IPUIPlugin
2023-10-07 13:00:05,569 [INFO] PluginManager:220 - loadIPPluginJar : add resmgrutility
2023-10-07 13:00:05,575 [INFO] IPUIPlugin:80 - create IPUIPlugin
2023-10-07 13:00:05,575 [INFO] PluginManager:220 - loadIPPluginJar : add sai
2023-10-07 13:00:05,579 [INFO] IPUIPlugin:80 - create IPUIPlugin
2023-10-07 13:00:05,580 [INFO] PluginManager:220 - loadIPPluginJar : add spi
2023-10-07 13:00:05,590 [INFO] IPUIPlugin:80 - create IPUIPlugin
2023-10-07 13:00:05,590 [INFO] PluginManager:220 - loadIPPluginJar : add stm32_wpan
2023-10-07 13:00:05,593 [INFO] IPUIPlugin:80 - create IPUIPlugin
2023-10-07 13:00:05,593 [INFO] PluginManager:220 - loadIPPluginJar : add tim
2023-10-07 13:00:05,601 [INFO] IPUIPlugin:80 - create IPUIPlugin
2023-10-07 13:00:05,601 [INFO] PluginManager:220 - loadIPPluginJar : add touchsensing
2023-10-07 13:00:05,607 [INFO] IPUIPlugin:80 - create IPUIPlugin
2023-10-07 13:00:05,607 [INFO] PluginManager:220 - loadIPPluginJar : add tracer_emb
2023-10-07 13:00:05,611 [INFO] IPUIPlugin:80 - create IPUIPlugin
2023-10-07 13:00:05,611 [INFO] PluginManager:220 - loadIPPluginJar : add ts
2023-10-07 13:00:05,616 [INFO] IPUIPlugin:80 - create IPUIPlugin
2023-10-07 13:00:05,617 [INFO] PluginManager:220 - loadIPPluginJar : add tsc
2023-10-07 13:00:05,621 [INFO] IPUIPlugin:80 - create IPUIPlugin
2023-10-07 13:00:05,622 [INFO] PluginManager:220 - loadIPPluginJar : add ucpd
2023-10-07 13:00:05,628 [INFO] IPUIPlugin:80 - create IPUIPlugin
2023-10-07 13:00:05,628 [INFO] PluginManager:220 - loadIPPluginJar : add usart
2023-10-07 13:00:05,635 [INFO] IPUIPlugin:80 - create IPUIPlugin
2023-10-07 13:00:05,636 [INFO] PluginManager:220 - loadIPPluginJar : add usbx
2023-10-07 13:00:05,822 [INFO] CADModel:165 - CPN selected for project level
2023-10-07 13:00:05,822 [INFO] CADModel:114 - Register for checkConnection events
2023-10-07 13:00:05,823 [FATAL] Updater:308 - Updater called before beeing initialized
2023-10-07 13:00:05,823 [ERROR] CADModel:125 - Updater not yet initialized, retry later 
2023-10-07 13:00:06,131 [INFO] CADModel:165 - CPN selected for project level
2023-10-07 13:00:06,131 [INFO] CADModel:114 - Register for checkConnection events
2023-10-07 13:00:06,131 [FATAL] Updater:308 - Updater called before beeing initialized
2023-10-07 13:00:06,131 [ERROR] CADModel:125 - Updater not yet initialized, retry later 
2023-10-07 13:00:06,140 [FATAL] Updater:308 - Updater called before beeing initialized
2023-10-07 13:00:06,357 [FATAL] Updater:308 - Updater called before beeing initialized
2023-10-07 13:00:06,369 [INFO] DbMcusAds:53 - JSON generation date=Tue Mar 07 03:50:55 EST 2023 (1678179055114)
2023-10-07 13:00:06,370 [FATAL] Updater:308 - Updater called before beeing initialized
2023-10-07 13:00:06,452 [WARN] DetailPanel:346 - Failed to get advertising image, set to default
2023-10-07 13:00:06,627 [INFO] McuFinderGlobals:63 - Set McuFinder mode to 2 (CubeIDE integrated)
2023-10-07 13:00:06,684 [FATAL] Updater:308 - Updater called before beeing initialized
2023-10-07 13:00:06,688 [FATAL] Updater:308 - Updater called before beeing initialized
2023-10-07 13:00:06,688 [FATAL] Updater:308 - Updater called before beeing initialized
2023-10-07 13:00:06,688 [WARN] DetailPanel:346 - Failed to get advertising image, set to default
2023-10-07 13:00:06,690 [FATAL] Updater:308 - Updater called before beeing initialized
2023-10-07 13:00:06,787 [ERROR] Updater:1120 - MainUpdater not yet initialized. External WinMGr cannot be set.
2023-10-07 13:00:06,793 [INFO] Updater:1056 - Updater Version found : 6.9.1
2023-10-07 13:00:06,824 [INFO] ApplicationProperties:184 - Using Application install path: C:\ST\STM32CubeIDE_1.13.1\STM32CubeIDE\plugins\com.st.stm32cube.common.mx_6.9.1.202307191849
2023-10-07 13:00:07,023 [INFO] MainUpdater:2868 - connection check result : 10
2023-10-07 13:00:07,025 [INFO] MainUpdater:285 - Updater Check For Update Now.
2023-10-07 13:00:07,025 [INFO] MicroXplorer:498 - Change Database Version : DB.6.0.91
2023-10-07 13:00:07,036 [INFO] ThirdPartyUpdaterWithRetryManager:70 - Updater plugin not ready yet. [2/15]
2023-10-07 13:00:07,045 [INFO] McuFinderGlobals:63 - Set McuFinder mode to 2 (CubeIDE integrated)
2023-10-07 13:00:07,352 [INFO] CheckServerUpdateThread:120 - End of CheckServer Thread
2023-10-07 13:00:07,454 [INFO] MainUpdater:2868 - connection check result : 10
2023-10-07 13:00:08,558 [INFO] ApiDb:581 - Connected to CubeFinder SQLite database (C:\Users\mdurr\.stmcufinder\plugins\mcufinder\mcu\cube-finder-db.db)
2023-10-07 13:00:08,754 [INFO] ApiDb:668 - CubeFinder database Data Model version=2.1
2023-10-07 13:00:08,754 [INFO] ApiDb:669 - CubeFinder database Configuration version=3.0.37
2023-10-07 13:00:08,755 [INFO] ApiDb:670 - CubeFinder database generation date=2023-08-09 (1691586011)
2023-10-07 13:00:08,755 [INFO] ApiDb:671 - CubeFinder database FW Pack versions=[FP-ATR-ASTRA1_V2.0.0, FP-SNS-FLIGHT1_V5.0.1, FP-SNS-FLIGHT1_V5.0.2, FP-SNS-MOTENV1_V4.3.1, FP-SNS-MOTENV1_V4.3.2, STM32Cube_FW_C0_V1.1.0, STM32Cube_FW_F4_V1.27.1, STM32Cube_FW_F7_V1.17.0, STM32Cube_FW_G0_V1.6.1, STM32Cube_FW_G4_V1.5.1, STM32Cube_FW_H5_V0.5.1, STM32Cube_FW_H5_V1.1.0, STM32Cube_FW_H7_V1.11.0, STM32Cube_FW_L0_V1.12.2, STM32Cube_FW_L5_V1.5.0, STM32Cube_FW_U5_V1.3.0, STM32Cube_FW_U5_V1.3.0RC4, STM32Cube_FW_WBA_V1.0.0RC1, STM32Cube_FW_WBA_V1.1.0, STM32Cube_FW_WBA_V1.1.0RC1, STM32Cube_FW_WB_V1.15.0RC1, STM32Cube_FW_WB_V1.16.0, STM32Cube_FW_WB_V1.16.0RC2, STM32Cube_FW_WB_V1.17.0, STM32Cube_FW_WL_V1.3.0, X-CUBE-ALGOBUILD_V1.3.0, X-CUBE-ALS_V1.0.1, X-CUBE-AZRTOS-F4_V1.1.0, X-CUBE-AZRTOS-F7_V1.1.0, X-CUBE-AZRTOS-G0_V1.1.0, X-CUBE-AZRTOS-G4_V2.0.0, X-CUBE-AZRTOS-H7_V3.1.0, X-CUBE-AZRTOS-L4_V1.0.0, X-CUBE-AZRTOS-L4_V2.0.0, X-CUBE-AZRTOS-L5_V1.1.0, X-CUBE-AZRTOS-WB_V1.1.0, X-CUBE-AZRTOS-WL_V2.0.0, X-CUBE-BLE1_V7.0.0, X-CUBE-BLE2_V3.3.0, X-CUBE-BLEMGR_V2.0.0, X-CUBE-EEPRMA1_V4.1.0, X-CUBE-FREERTOS_V1.1.0, X-CUBE-GNSS1_V6.0.0, X-CUBE-MEMS1_V9.1.0, X-CUBE-MEMS1_V9.4.0, X-CUBE-MEMS1_V9.6.0, X-CUBE-NFC4_V3.0.0, X-CUBE-NFC7_V1.0.0, X-CUBE-SFXS2LP1_V4.0.0, X-CUBE-SUBG2_V5.0.0, X-CUBE-TOF1_V3.3.1]
2023-10-07 13:00:08,990 [INFO] DbBoardsSqlite:226 - include board P-NUCLEO-WB55-NUCLEO as a kit item of type 'Nucleo-64'
2023-10-07 13:00:08,991 [INFO] DbBoardsSqlite:226 - include board P-NUCLEO-WB55-USBDONGLE as a kit item of type 'Nucleo USB Dongle'
2023-10-07 13:00:08,992 [INFO] DbBoardsSqlite:226 - include board STEVAL-IDP005V1 as a kit item of type 'Evaluation Board'
2023-10-07 13:00:08,993 [INFO] DbBoardsSqlite:226 - include board STEVAL-IDP005V2 as a kit item of type 'Evaluation Board'
2023-10-07 13:00:09,496 [INFO] ApiDb:240 - Found 323 in-development CPN: [B-G473E-ZEST1S, B-WB1M-WPAN1, B-WL5M-SUBG1, NUCLEO-C031C6, NUCLEO-H503RB, NUCLEO-H563ZI, NUCLEO-U545RE-Q, NUCLEO-U5A5ZJ-Q, NUCLEO-WBA52CG, STEVAL-PROTEUS1, STEVAL-SMARTAG2, STEVAL-STWINBX1, STM320518-EVAL, STM32C0116-DK, STM32C011D6Y3TR, STM32C011D6Y6TR, STM32C011F4P3, STM32C011F4P6, STM32C011F4U3, STM32C011F4U6TR, STM32C011F6P3, STM32C011F6P6, STM32C011F6U3, STM32C011F6U6TR, STM32C011J4M3, STM32C011J4M6, STM32C011J6M3, STM32C011J6M6, STM32C0316-DK, STM32C031C4T3, STM32C031C4T6, STM32C031C4U3, STM32C031C4U6, STM32C031C6T3, STM32C031C6T6, STM32C031C6U3, STM32C031C6U6, STM32C031F4P3, STM32C031F4P6, STM32C031F6P3, STM32C031F6P6, STM32C031G4U3, STM32C031G4U6, STM32C031G6U3, STM32C031G6U6, STM32C031K4T3, STM32C031K4T6, STM32C031K4U3, STM32C031K4U6, STM32C031K6T3, STM32C031K6T6, STM32C031K6U3, STM32C031K6U6, STM32G071K8TXN, STM32G071K8UXN, STM32G081GBU6N, STM32G081KBT6N, STM32G081KBUXN, STM32G0B1CCT6N, STM32G0B1KCT6, STM32G0B1NEY6TR, STM32G0B1RCT6N, STM32G0C1CCT6, STM32G0C1CCT6N, STM32G0C1CCU6N, STM32G0C1CET6N, STM32G0C1CEU6N, STM32G0C1KCT6, STM32G0C1NEY6TR, STM32G0C1RCI6N, STM32G0C1RCT6N, STM32G0C1REI6N, STM32G0C1RET6N, STM32G0C1VCI6, STM32G0C1VEI6, STM32G471CCT6, STM32G471CCU6, STM32G471CET3, STM32G471CET6, STM32G471CEU3, STM32G471CEU6, STM32G471MCT6, STM32G471MET3, STM32G471MET6, STM32G471MEY6TR, STM32G471QCT6, STM32G471QET3, STM32G471RCT6, STM32G471RET3, STM32G471RET6, STM32G471VCH6, STM32G471VCI6, STM32G471VCT6, STM32G471VEH3, STM32G471VEH6, STM32G471VEI3, STM32G471VEI6, STM32G471VET3, STM32G471VET6, STM32G474CCT6, STM32H503CBT6, STM32H503CBU6, STM32H503EBY6TR, STM32H503KBU6, STM32H503RBT6, STM32H562AGI6, STM32H562AII6, STM32H562IGK6, STM32H562IGT6, STM32H562IIK6, STM32H562IIT6, STM32H562RGT6, STM32H562RGV6, STM32H562RIT6, STM32H562RIV6, STM32H562VGT6, STM32H562VIT6, STM32H562ZGT6, STM32H562ZIT6, STM32H563AGI6, STM32H563AII3Q, STM32H563AII6, STM32H563IGK6, STM32H563IGT6, STM32H563IIK3Q, STM32H563IIK6, STM32H563IIT3Q, STM32H563IIT6, STM32H563MIY3QTR, STM32H563RGT6, STM32H563RGV6, STM32H563RIT6, STM32H563RIV6, STM32H563VGT6, STM32H563VIT3Q, STM32H563VIT6, STM32H563ZGT6, STM32H563ZIT3Q, STM32H563ZIT6, STM32H573AII3Q, STM32H573AII6, STM32H573I-DK, STM32H573IIK3Q, STM32H573IIK6, STM32H573IIT3Q, STM32H573IIT6, STM32H573MIY3QTR, STM32H573RIT6, STM32H573RIV6, STM32H573VIT3Q, STM32H573VIT6, STM32H573ZIT3Q, STM32H573ZIT6, STM32L4R5QGI6STR, STM32MP131AAE3, STM32MP131AAF3, STM32MP131AAG3, STM32MP131CAE3, STM32MP131CAF3, STM32MP131CAG3, STM32MP131DAE7, STM32MP131DAF7, STM32MP131DAG7, STM32MP131FAE7, STM32MP131FAF7, STM32MP131FAG7, STM32MP133AAE3, STM32MP133AAF3, STM32MP133AAG3, STM32MP133CAE3, STM32MP133CAF3, STM32MP133CAG3, STM32MP133DAE7, STM32MP133DAF7, STM32MP133DAG7, STM32MP133FAE7, STM32MP133FAF7, STM32MP133FAG7, STM32MP135AAE3, STM32MP135AAF3, STM32MP135AAG3, STM32MP135CAE3, STM32MP135CAF3, STM32MP135CAG3, STM32MP135DAE7, STM32MP135DAF7, STM32MP135DAG7, STM32MP135F-DK, STM32MP135FAE7, STM32MP135FAF7, STM32MP135FAF7T, STM32MP135FAF7U, STM32MP135FAG7, STM32U535CBT6, STM32U535CBT6Q, STM32U535CBU6, STM32U535CBU6Q, STM32U535CCT6, STM32U535CCT6Q, STM32U535CCU6, STM32U535CCU6Q, STM32U535CET6, STM32U535CET6Q, STM32U535CEU6, STM32U535CEU6Q, STM32U535JEY6QTR, STM32U535NCY6QTR, STM32U535NEY6QTR, STM32U535RBI6, STM32U535RBI6Q, STM32U535RBT6, STM32U535RBT6Q, STM32U535RCI6, STM32U535RCI6Q, STM32U535RCT6, STM32U535RCT6Q, STM32U535REI6, STM32U535REI6Q, STM32U535RET6, STM32U535RET6Q, STM32U535VCI6, STM32U535VCI6Q, STM32U535VCT6, STM32U535VCT6Q, STM32U535VEI6, STM32U535VEI6Q, STM32U535VET6, STM32U535VET6Q, STM32U545CET6, STM32U545CET6Q, STM32U545CEU6, STM32U545CEU6Q, STM32U545JEY6QTR, STM32U545NEY6QTR, STM32U545REI6, STM32U545REI6Q, STM32U545RET6, STM32U545RET6Q, STM32U545VEI6, STM32U545VEI6Q, STM32U545VET6, STM32U545VET6Q, STM32U595AIH6, STM32U595AIH6Q, STM32U595AJH6, STM32U595AJH6Q, STM32U595QII6, STM32U595QII6Q, STM32U595QJI6, STM32U595QJI6Q, STM32U595RIT6, STM32U595RIT6Q, STM32U595RJT6, STM32U595RJT6Q, STM32U595VIT6, STM32U595VIT6Q, STM32U595VJT6, STM32U595VJT6Q, STM32U595ZIT6, STM32U595ZIT6Q, STM32U595ZIY6QTR, STM32U595ZJT6, STM32U595ZJT6Q, STM32U595ZJY6QTR, STM32U599BJY6QTR, STM32U599NIH6Q, STM32U599NJH6Q, STM32U599VIT6Q, STM32U599VJT6, STM32U599VJT6Q, STM32U599ZIT6Q, STM32U599ZIY6QTR, STM32U599ZJT6Q, STM32U599ZJY6QTR, STM32U5A5AJH6, STM32U5A5AJH6Q, STM32U5A5QJI6, STM32U5A5QJI6Q, STM32U5A5RJT6, STM32U5A5RJT6Q, STM32U5A5VJT6, STM32U5A5VJT6Q, STM32U5A5ZJT6, STM32U5A5ZJT6Q, STM32U5A5ZJY6QTR, STM32U5A9BJY6QTR, STM32U5A9J-DK, STM32U5A9NJH6Q, STM32U5A9VJT6Q, STM32U5A9ZJT6Q, STM32U5A9ZJY6QTR, STM32U5F7VIT6, STM32U5F7VIT6Q, STM32U5F7VJT6, STM32U5F7VJT6Q, STM32U5F9BJY6QTR, STM32U5F9NJH6Q, STM32U5F9VIT6Q, STM32U5F9VJT6Q, STM32U5F9ZIJ6QTR, STM32U5F9ZIT6Q, STM32U5F9ZJJ6QTR, STM32U5F9ZJT6Q, STM32U5G7VJT6, STM32U5G7VJT6Q, STM32U5G9BJY6QTR, STM32U5G9J-DK1, STM32U5G9J-DK2, STM32U5G9NJH6Q, STM32U5G9VJT6Q, STM32U5G9ZJJ6QTR, STM32U5G9ZJT6Q, STM32WB1MMCH6, STM32WBA52CEU6, STM32WBA52CEU6T, STM32WBA52CGU6, STM32WBA52CGU6T, STM32WBA52KEU6, STM32WBA52KEU6T, STM32WBA52KGU6, STM32WBA52KGU6T, STM32WL5MOCH6, STM32WL5MOCH6TR]
2023-10-07 13:00:09,953 [INFO] BoardInfo:880 - No configuration file found for board P-NUCLEO-WB55
2023-10-07 13:00:09,954 [INFO] DbBoards:157 - Kit is not supported: P-NUCLEO-WB55
2023-10-07 13:00:09,964 [INFO] BoardInfo:880 - No configuration file found for board STEVAL-BFA001V1B
2023-10-07 13:00:09,964 [INFO] DbBoards:157 - Kit is not supported: STEVAL-BFA001V1B
2023-10-07 13:00:09,967 [INFO] BoardInfo:880 - No configuration file found for board STEVAL-BFA001V2B
2023-10-07 13:00:09,968 [INFO] DbBoards:157 - Kit is not supported: STEVAL-BFA001V2B
2023-10-07 13:00:10,388 [INFO] DbBoards:161 - Found 190 boards, 187 are supported
2023-10-07 13:00:10,396 [INFO] ApiDb:668 - CubeFinder database Data Model version=2.1
2023-10-07 13:00:10,396 [INFO] ApiDb:669 - CubeFinder database Configuration version=3.0.37
2023-10-07 13:00:10,396 [INFO] ApiDb:670 - CubeFinder database generation date=2023-08-09 (1691586011)
2023-10-07 13:00:10,397 [INFO] ApiDb:671 - CubeFinder database FW Pack versions=[FP-ATR-ASTRA1_V2.0.0, FP-SNS-FLIGHT1_V5.0.1, FP-SNS-FLIGHT1_V5.0.2, FP-SNS-MOTENV1_V4.3.1, FP-SNS-MOTENV1_V4.3.2, STM32Cube_FW_C0_V1.1.0, STM32Cube_FW_F4_V1.27.1, STM32Cube_FW_F7_V1.17.0, STM32Cube_FW_G0_V1.6.1, STM32Cube_FW_G4_V1.5.1, STM32Cube_FW_H5_V0.5.1, STM32Cube_FW_H5_V1.1.0, STM32Cube_FW_H7_V1.11.0, STM32Cube_FW_L0_V1.12.2, STM32Cube_FW_L5_V1.5.0, STM32Cube_FW_U5_V1.3.0, STM32Cube_FW_U5_V1.3.0RC4, STM32Cube_FW_WBA_V1.0.0RC1, STM32Cube_FW_WBA_V1.1.0, STM32Cube_FW_WBA_V1.1.0RC1, STM32Cube_FW_WB_V1.15.0RC1, STM32Cube_FW_WB_V1.16.0, STM32Cube_FW_WB_V1.16.0RC2, STM32Cube_FW_WB_V1.17.0, STM32Cube_FW_WL_V1.3.0, X-CUBE-ALGOBUILD_V1.3.0, X-CUBE-ALS_V1.0.1, X-CUBE-AZRTOS-F4_V1.1.0, X-CUBE-AZRTOS-F7_V1.1.0, X-CUBE-AZRTOS-G0_V1.1.0, X-CUBE-AZRTOS-G4_V2.0.0, X-CUBE-AZRTOS-H7_V3.1.0, X-CUBE-AZRTOS-L4_V1.0.0, X-CUBE-AZRTOS-L4_V2.0.0, X-CUBE-AZRTOS-L5_V1.1.0, X-CUBE-AZRTOS-WB_V1.1.0, X-CUBE-AZRTOS-WL_V2.0.0, X-CUBE-BLE1_V7.0.0, X-CUBE-BLE2_V3.3.0, X-CUBE-BLEMGR_V2.0.0, X-CUBE-EEPRMA1_V4.1.0, X-CUBE-FREERTOS_V1.1.0, X-CUBE-GNSS1_V6.0.0, X-CUBE-MEMS1_V9.1.0, X-CUBE-MEMS1_V9.4.0, X-CUBE-MEMS1_V9.6.0, X-CUBE-NFC4_V3.0.0, X-CUBE-NFC7_V1.0.0, X-CUBE-SFXS2LP1_V4.0.0, X-CUBE-SUBG2_V5.0.0, X-CUBE-TOF1_V3.3.1]
2023-10-07 13:00:10,550 [WARN] PackLoader:240 - Cannot read IP mode file for STMicroelectronics.X-CUBE-SMBUS.2.1.0
2023-10-07 13:00:10,639 [WARN] PackLoader:240 - Cannot read IP mode file for STMicroelectronics.X-CUBE-AZRTOS-F7.1.1.0
2023-10-07 13:00:10,681 [WARN] PackLoader:240 - Cannot read IP mode file for STMicroelectronics.FP-SNS-MOTENV1.4.3.2
2023-10-07 13:00:10,709 [WARN] PackLoader:240 - Cannot read IP mode file for STMicroelectronics.FP-SNS-FLIGHT1.5.0.2
2023-10-07 13:00:10,741 [WARN] PackLoader:240 - Cannot read IP mode file for STMicroelectronics.X-CUBE-DISPLAY.3.0.0
2023-10-07 13:00:10,796 [WARN] PackLoader:240 - Cannot read IP mode file for STMicroelectronics.X-CUBE-BLE1.7.0.0
2023-10-07 13:00:10,829 [WARN] PackLoader:240 - Cannot read IP mode file for emotas.I-CUBE-CANOPEN.1.3.0
2023-10-07 13:00:10,851 [WARN] PackLoader:240 - Cannot read IP mode file for STMicroelectronics.X-CUBE-TOUCHGFX.4.22.0
2023-10-07 13:00:10,860 [WARN] PackLoader:240 - Cannot read IP mode file for STMicroelectronics.X-CUBE-TOUCHGFX.4.22.1
2023-10-07 13:00:10,879 [WARN] PackLoader:240 - Cannot read IP mode file for STMicroelectronics.FP-SNS-SMARTAG2.1.2.0
2023-10-07 13:00:10,917 [INFO] LogOutputStream:77 - [STDOUT_REDIRECT] 1 : Invalid condition id : UX_CORESTACK_Condition cause : null
2023-10-07 13:00:10,921 [INFO] LogOutputStream:77 - [STDOUT_REDIRECT] 1 : Invalid condition id : UX_CORESTACK_Condition cause : null
2023-10-07 13:00:10,925 [INFO] LogOutputStream:77 - [STDOUT_REDIRECT] 1 : Invalid condition id : UX_CORESTACK_Condition cause : null
2023-10-07 13:00:10,927 [INFO] LogOutputStream:77 - [STDOUT_REDIRECT] 1 : Invalid condition id : UX_CORESTACK_Condition cause : null
2023-10-07 13:00:10,929 [INFO] LogOutputStream:77 - [STDOUT_REDIRECT] 1 : Invalid condition id : UX_CORESTACK_Condition cause : null
2023-10-07 13:00:10,941 [WARN] PackLoader:240 - Cannot read IP mode file for STMicroelectronics.X-CUBE-AZRTOS-WL.2.0.0
2023-10-07 13:00:10,968 [WARN] PackLoader:240 - Cannot read IP mode file for WES.I-CUBE-Cesium.1.3.0
2023-10-07 13:00:10,995 [WARN] PackLoader:240 - Cannot read IP mode file for STMicroelectronics.X-CUBE-BLE2.3.3.0
2023-10-07 13:00:11,020 [WARN] PackLoader:240 - Cannot read IP mode file for STMicroelectronics.X-CUBE-ALGOBUILD.1.3.0
2023-10-07 13:00:11,069 [WARN] PackLoader:240 - Cannot read IP mode file for STMicroelectronics.X-CUBE-AZRTOS-G0.1.1.0
2023-10-07 13:00:11,089 [WARN] PackLoader:240 - Cannot read IP mode file for STMicroelectronics.X-CUBE-NFC4.3.0.0
2023-10-07 13:00:11,104 [WARN] PackLoader:240 - Cannot read IP mode file for STMicroelectronics.FP-ATR-SIGFOX1.3.2.0
2023-10-07 13:00:11,193 [WARN] PackLoader:240 - Cannot read IP mode file for SEGGER.I-CUBE-embOS.1.3.1
2023-10-07 13:00:11,294 [WARN] PackLoader:240 - Cannot read IP mode file for STMicroelectronics.X-CUBE-GNSS1.6.0.0
2023-10-07 13:00:11,337 [WARN] PackLoader:240 - Cannot read IP mode file for STMicroelectronics.X-CUBE-AZRTOS-F4.1.1.0
2023-10-07 13:00:11,355 [WARN] PackLoader:240 - Cannot read IP mode file for wolfSSL.I-CUBE-wolfSSL.5.6.3
2023-10-07 13:00:11,399 [WARN] PackLoader:240 - Cannot read IP mode file for STMicroelectronics.X-CUBE-AZRTOS-L5.2.0.0
2023-10-07 13:00:11,508 [WARN] PackLoader:240 - Cannot read IP mode file for STMicroelectronics.X-CUBE-MEMS1.9.6.0
2023-10-07 13:00:11,875 [WARN] PackLoader:240 - Cannot read IP mode file for ITTIA_DB.I-CUBE-ITTIADB.8.8.0
2023-10-07 13:00:11,891 [WARN] PackLoader:240 - Cannot read IP mode file for STMicroelectronics.X-CUBE-BLEMGR.2.0.0
2023-10-07 13:00:11,927 [WARN] ConditionMgr:438 - getConditionDescription Invalid condition id : UX DEVICE CLASS RTOS Condition cause : null
2023-10-07 13:00:11,927 [WARN] ConditionMgr:438 - getConditionDescription Invalid condition id : UX DEVICE CLASS RTOS Condition cause : null
2023-10-07 13:00:11,932 [WARN] PackLoader:240 - Cannot read IP mode file for STMicroelectronics.X-CUBE-AZRTOS-H7.3.1.0
2023-10-07 13:00:11,934 [WARN] ConditionMgr:1039 - genDependencies : Invalid condition id : UX DEVICE CLASS RTOS Condition cause : null
2023-10-07 13:00:11,934 [WARN] ConditionMgr:1039 - genDependencies : Invalid condition id : UX DEVICE CLASS RTOS Condition cause : null
2023-10-07 13:00:11,936 [WARN] ConditionMgr:1039 - genDependencies : Invalid condition id : UX DEVICE CLASS RTOS Condition cause : null
2023-10-07 13:00:11,938 [WARN] ConditionMgr:1039 - genDependencies : Invalid condition id : UX DEVICE CLASS RTOS Condition cause : null
2023-10-07 13:00:11,939 [WARN] ConditionMgr:1039 - genDependencies : Invalid condition id : UX DEVICE CLASS RTOS Condition cause : null
2023-10-07 13:00:11,952 [WARN] PackLoader:240 - Cannot read IP mode file for STMicroelectronics.X-CUBE-NFC7.1.0.1
2023-10-07 13:00:11,972 [WARN] PackLoader:240 - Cannot read IP mode file for STMicroelectronics.X-CUBE-NFC6.3.0.0
2023-10-07 13:00:11,988 [WARN] PackLoader:240 - Cannot read IP mode file for STMicroelectronics.X-CUBE-EEPRMA1.4.1.0
2023-10-07 13:00:11,999 [WARN] PackLoader:240 - Cannot read IP mode file for STMicroelectronics.X-CUBE-AI.8.1.0
2023-10-07 13:00:12,038 [WARN] ConditionMgr:438 - getConditionDescription Invalid condition id : LAN8742 Phy interface Condition cause : null
2023-10-07 13:00:12,040 [WARN] PackLoader:240 - Cannot read IP mode file for STMicroelectronics.X-CUBE-AZRTOS-L4.2.0.0
2023-10-07 13:00:12,043 [WARN] ConditionMgr:1039 - genDependencies : Invalid condition id : LAN8742 Phy interface Condition cause : null
2023-10-07 13:00:12,043 [WARN] ConditionMgr:1039 - genDependencies : Invalid condition id : LAN8742 Phy interface Condition cause : null
2023-10-07 13:00:12,043 [WARN] ConditionMgr:1039 - genDependencies : Invalid condition id : LAN8742 Phy interface Condition cause : null
2023-10-07 13:00:12,063 [WARN] PackLoader:240 - Cannot read IP mode file for STMicroelectronics.X-CUBE-SFXS2LP1.4.0.0
2023-10-07 13:00:12,078 [WARN] PackLoader:240 - Cannot read IP mode file for STMicroelectronics.X-CUBE-ISPU.1.1.0
2023-10-07 13:00:12,107 [WARN] ConditionMgr:438 - getConditionDescription Invalid condition id : UX DEVICE CLASS RTOS Condition cause : null
2023-10-07 13:00:12,107 [WARN] ConditionMgr:438 - getConditionDescription Invalid condition id : UX DEVICE CLASS RTOS Condition cause : null
2023-10-07 13:00:12,111 [WARN] PackLoader:240 - Cannot read IP mode file for STMicroelectronics.X-CUBE-AZRTOS-WB.2.0.0
2023-10-07 13:00:12,111 [WARN] ConditionMgr:1039 - genDependencies : Invalid condition id : UX DEVICE CLASS RTOS Condition cause : null
2023-10-07 13:00:12,111 [WARN] ConditionMgr:1039 - genDependencies : Invalid condition id : UX DEVICE CLASS RTOS Condition cause : null
2023-10-07 13:00:12,113 [WARN] ConditionMgr:1039 - genDependencies : Invalid condition id : UX DEVICE CLASS RTOS Condition cause : null
2023-10-07 13:00:12,113 [WARN] ConditionMgr:1039 - genDependencies : Invalid condition id : UX DEVICE CLASS RTOS Condition cause : null
2023-10-07 13:00:12,113 [WARN] ConditionMgr:1039 - genDependencies : Invalid condition id : UX DEVICE CLASS RTOS Condition cause : null
2023-10-07 13:00:12,145 [WARN] PackLoader:240 - Cannot read IP mode file for STMicroelectronics.X-CUBE-SUBG2.5.0.0
2023-10-07 13:00:12,178 [WARN] PackLoader:240 - Cannot read IP mode file for STMicroelectronics.X-CUBE-TOF1.3.3.1
2023-10-07 13:00:12,227 [WARN] PackLoader:240 - Cannot read IP mode file for STMicroelectronics.X-CUBE-AZRTOS-G4.2.0.0
2023-10-07 13:00:12,260 [WARN] PackLoader:240 - Cannot read IP mode file for Infineon.AIROC-Wi-Fi-Bluetooth-STM32.1.5.1
2023-10-07 13:00:12,275 [WARN] PackLoader:240 - Cannot read IP mode file for STMicroelectronics.X-CUBE-FREERTOS.1.1.0
2023-10-07 13:00:12,287 [WARN] PackLoader:240 - Cannot read IP mode file for portGmbH.I-Cube-SoM-uGOAL.1.1.0
2023-10-07 13:00:12,296 [WARN] PackLoader:240 - Cannot read IP mode file for STMicroelectronics.X-CUBE-ALS.1.0.1
2023-10-07 13:00:12,306 [WARN] PackLoader:240 - Cannot read IP mode file for STMicroelectronics.FP-ATR-ASTRA1.2.0.0
2023-10-07 13:00:12,307 [INFO] ThirdParty:978 - Integrity check success = true
2023-10-07 13:00:12,308 [INFO] IntegrityCheckThread:100 - exiting critical section [integrity check]
2023-10-07 13:00:12,308 [INFO] IntegrityCheckThread:103 - End integrity checks thread
2023-10-07 13:00:14,996 [INFO] ApiDb:240 - Found 323 in-development CPN: [B-G473E-ZEST1S, B-WB1M-WPAN1, B-WL5M-SUBG1, NUCLEO-C031C6, NUCLEO-H503RB, NUCLEO-H563ZI, NUCLEO-U545RE-Q, NUCLEO-U5A5ZJ-Q, NUCLEO-WBA52CG, STEVAL-PROTEUS1, STEVAL-SMARTAG2, STEVAL-STWINBX1, STM320518-EVAL, STM32C0116-DK, STM32C011D6Y3TR, STM32C011D6Y6TR, STM32C011F4P3, STM32C011F4P6, STM32C011F4U3, STM32C011F4U6TR, STM32C011F6P3, STM32C011F6P6, STM32C011F6U3, STM32C011F6U6TR, STM32C011J4M3, STM32C011J4M6, STM32C011J6M3, STM32C011J6M6, STM32C0316-DK, STM32C031C4T3, STM32C031C4T6, STM32C031C4U3, STM32C031C4U6, STM32C031C6T3, STM32C031C6T6, STM32C031C6U3, STM32C031C6U6, STM32C031F4P3, STM32C031F4P6, STM32C031F6P3, STM32C031F6P6, STM32C031G4U3, STM32C031G4U6, STM32C031G6U3, STM32C031G6U6, STM32C031K4T3, STM32C031K4T6, STM32C031K4U3, STM32C031K4U6, STM32C031K6T3, STM32C031K6T6, STM32C031K6U3, STM32C031K6U6, STM32G071K8TXN, STM32G071K8UXN, STM32G081GBU6N, STM32G081KBT6N, STM32G081KBUXN, STM32G0B1CCT6N, STM32G0B1KCT6, STM32G0B1NEY6TR, STM32G0B1RCT6N, STM32G0C1CCT6, STM32G0C1CCT6N, STM32G0C1CCU6N, STM32G0C1CET6N, STM32G0C1CEU6N, STM32G0C1KCT6, STM32G0C1NEY6TR, STM32G0C1RCI6N, STM32G0C1RCT6N, STM32G0C1REI6N, STM32G0C1RET6N, STM32G0C1VCI6, STM32G0C1VEI6, STM32G471CCT6, STM32G471CCU6, STM32G471CET3, STM32G471CET6, STM32G471CEU3, STM32G471CEU6, STM32G471MCT6, STM32G471MET3, STM32G471MET6, STM32G471MEY6TR, STM32G471QCT6, STM32G471QET3, STM32G471RCT6, STM32G471RET3, STM32G471RET6, STM32G471VCH6, STM32G471VCI6, STM32G471VCT6, STM32G471VEH3, STM32G471VEH6, STM32G471VEI3, STM32G471VEI6, STM32G471VET3, STM32G471VET6, STM32G474CCT6, STM32H503CBT6, STM32H503CBU6, STM32H503EBY6TR, STM32H503KBU6, STM32H503RBT6, STM32H562AGI6, STM32H562AII6, STM32H562IGK6, STM32H562IGT6, STM32H562IIK6, STM32H562IIT6, STM32H562RGT6, STM32H562RGV6, STM32H562RIT6, STM32H562RIV6, STM32H562VGT6, STM32H562VIT6, STM32H562ZGT6, STM32H562ZIT6, STM32H563AGI6, STM32H563AII3Q, STM32H563AII6, STM32H563IGK6, STM32H563IGT6, STM32H563IIK3Q, STM32H563IIK6, STM32H563IIT3Q, STM32H563IIT6, STM32H563MIY3QTR, STM32H563RGT6, STM32H563RGV6, STM32H563RIT6, STM32H563RIV6, STM32H563VGT6, STM32H563VIT3Q, STM32H563VIT6, STM32H563ZGT6, STM32H563ZIT3Q, STM32H563ZIT6, STM32H573AII3Q, STM32H573AII6, STM32H573I-DK, STM32H573IIK3Q, STM32H573IIK6, STM32H573IIT3Q, STM32H573IIT6, STM32H573MIY3QTR, STM32H573RIT6, STM32H573RIV6, STM32H573VIT3Q, STM32H573VIT6, STM32H573ZIT3Q, STM32H573ZIT6, STM32L4R5QGI6STR, STM32MP131AAE3, STM32MP131AAF3, STM32MP131AAG3, STM32MP131CAE3, STM32MP131CAF3, STM32MP131CAG3, STM32MP131DAE7, STM32MP131DAF7, STM32MP131DAG7, STM32MP131FAE7, STM32MP131FAF7, STM32MP131FAG7, STM32MP133AAE3, STM32MP133AAF3, STM32MP133AAG3, STM32MP133CAE3, STM32MP133CAF3, STM32MP133CAG3, STM32MP133DAE7, STM32MP133DAF7, STM32MP133DAG7, STM32MP133FAE7, STM32MP133FAF7, STM32MP133FAG7, STM32MP135AAE3, STM32MP135AAF3, STM32MP135AAG3, STM32MP135CAE3, STM32MP135CAF3, STM32MP135CAG3, STM32MP135DAE7, STM32MP135DAF7, STM32MP135DAG7, STM32MP135F-DK, STM32MP135FAE7, STM32MP135FAF7, STM32MP135FAF7T, STM32MP135FAF7U, STM32MP135FAG7, STM32U535CBT6, STM32U535CBT6Q, STM32U535CBU6, STM32U535CBU6Q, STM32U535CCT6, STM32U535CCT6Q, STM32U535CCU6, STM32U535CCU6Q, STM32U535CET6, STM32U535CET6Q, STM32U535CEU6, STM32U535CEU6Q, STM32U535JEY6QTR, STM32U535NCY6QTR, STM32U535NEY6QTR, STM32U535RBI6, STM32U535RBI6Q, STM32U535RBT6, STM32U535RBT6Q, STM32U535RCI6, STM32U535RCI6Q, STM32U535RCT6, STM32U535RCT6Q, STM32U535REI6, STM32U535REI6Q, STM32U535RET6, STM32U535RET6Q, STM32U535VCI6, STM32U535VCI6Q, STM32U535VCT6, STM32U535VCT6Q, STM32U535VEI6, STM32U535VEI6Q, STM32U535VET6, STM32U535VET6Q, STM32U545CET6, STM32U545CET6Q, STM32U545CEU6, STM32U545CEU6Q, STM32U545JEY6QTR, STM32U545NEY6QTR, STM32U545REI6, STM32U545REI6Q, STM32U545RET6, STM32U545RET6Q, STM32U545VEI6, STM32U545VEI6Q, STM32U545VET6, STM32U545VET6Q, STM32U595AIH6, STM32U595AIH6Q, STM32U595AJH6, STM32U595AJH6Q, STM32U595QII6, STM32U595QII6Q, STM32U595QJI6, STM32U595QJI6Q, STM32U595RIT6, STM32U595RIT6Q, STM32U595RJT6, STM32U595RJT6Q, STM32U595VIT6, STM32U595VIT6Q, STM32U595VJT6, STM32U595VJT6Q, STM32U595ZIT6, STM32U595ZIT6Q, STM32U595ZIY6QTR, STM32U595ZJT6, STM32U595ZJT6Q, STM32U595ZJY6QTR, STM32U599BJY6QTR, STM32U599NIH6Q, STM32U599NJH6Q, STM32U599VIT6Q, STM32U599VJT6, STM32U599VJT6Q, STM32U599ZIT6Q, STM32U599ZIY6QTR, STM32U599ZJT6Q, STM32U599ZJY6QTR, STM32U5A5AJH6, STM32U5A5AJH6Q, STM32U5A5QJI6, STM32U5A5QJI6Q, STM32U5A5RJT6, STM32U5A5RJT6Q, STM32U5A5VJT6, STM32U5A5VJT6Q, STM32U5A5ZJT6, STM32U5A5ZJT6Q, STM32U5A5ZJY6QTR, STM32U5A9BJY6QTR, STM32U5A9J-DK, STM32U5A9NJH6Q, STM32U5A9VJT6Q, STM32U5A9ZJT6Q, STM32U5A9ZJY6QTR, STM32U5F7VIT6, STM32U5F7VIT6Q, STM32U5F7VJT6, STM32U5F7VJT6Q, STM32U5F9BJY6QTR, STM32U5F9NJH6Q, STM32U5F9VIT6Q, STM32U5F9VJT6Q, STM32U5F9ZIJ6QTR, STM32U5F9ZIT6Q, STM32U5F9ZJJ6QTR, STM32U5F9ZJT6Q, STM32U5G7VJT6, STM32U5G7VJT6Q, STM32U5G9BJY6QTR, STM32U5G9J-DK1, STM32U5G9J-DK2, STM32U5G9NJH6Q, STM32U5G9VJT6Q, STM32U5G9ZJJ6QTR, STM32U5G9ZJT6Q, STM32WB1MMCH6, STM32WBA52CEU6, STM32WBA52CEU6T, STM32WBA52CGU6, STM32WBA52CGU6T, STM32WBA52KEU6, STM32WBA52KEU6T, STM32WBA52KGU6, STM32WBA52KGU6T, STM32WL5MOCH6, STM32WL5MOCH6TR]
2023-10-07 13:00:15,006 [INFO] DbMcus:217 - Found 3848 MCUs, 3848 are supported
2023-10-07 13:00:15,008 [INFO] ApiDb:423 - Load user favorites file C:\Users\mdurr/.stm32cubeide/favorites.mcus.txt: 0 item(s)
2023-10-07 13:00:15,008 [INFO] ApiDb:427 - User favorites MCUs=[]
2023-10-07 13:00:15,009 [INFO] DbMcus:223 - Set 0 / 0 favorites MCUs
2023-10-07 13:00:15,506 [INFO] ApiDb:414 - User favorites file not found: C:\Users\mdurr/.stm32cubeide/favorites.boards.txt
2023-10-07 13:00:15,507 [INFO] DbBoards:190 - Set 0 / 0 favorites Boards
2023-10-07 13:00:15,507 [INFO] McuFinderGlobals:76 - Set McuFinderConnectedMode to true
2023-10-07 13:00:15,516 [INFO] MultiScanPanel:200 - Auto-refresh data requested => check proxy status ongoing
2023-10-07 13:00:15,519 [INFO] FinderPluginLoader:95 - Searching for filters in installed packs
2023-10-07 13:00:17,716 [INFO] LoadUrlFilesThread:185 - End of LoadServerUrlFiles without Thread
2023-10-07 13:00:17,744 [INFO] DetailPanel:341 - Set advertising image to C:/Users/mdurr/STM32Cube/Repository/\en.prom-stm32h5-mcu-finder.jpg
2023-10-07 13:00:28,415 [ERROR] LogOutputStream:75 - [STDERR_REDIRECT] SLF4J: Failed to load class "org.slf4j.impl.StaticLoggerBinder".
2023-10-07 13:00:28,416 [ERROR] LogOutputStream:75 - [STDERR_REDIRECT] SLF4J: Defaulting to no-operation (NOP) logger implementation
2023-10-07 13:00:28,421 [ERROR] LogOutputStream:75 - [STDERR_REDIRECT] SLF4J: See http://www.slf4j.org/codes.html#StaticLoggerBinder for further details.
2023-10-07 13:00:41,010 [INFO] MultiScanPanel:200 - Auto-refresh data requested => check proxy status ongoing
2023-10-07 13:00:41,294 [INFO] LoadUrlFilesThread:185 - End of LoadServerUrlFiles without Thread
2023-10-07 13:00:41,295 [INFO] DetailPanel:341 - Set advertising image to C:/Users/mdurr/STM32Cube/Repository/\en.prom-stm32h5-mcu-finder.jpg
2023-10-07 13:00:41,321 [INFO] DbBoards:634 - Loading board mini-images...
2023-10-07 13:00:56,042 [ERROR] DbBoards:651 - Image file not found for board STM32U5G9J-DK1: C:\Users\mdurr\.stmcufinder\plugins\mcufinder//mcu//boards_images/STM32U5G9J-DK1.jpg
2023-10-07 13:00:56,043 [ERROR] DbBoards:651 - Image file not found for board STM32U5G9J-DK2: C:\Users\mdurr\.stmcufinder\plugins\mcufinder//mcu//boards_images/STM32U5G9J-DK2.jpg
2023-10-07 13:00:56,157 [INFO] DbBoards:657 - Loaded 188 board mini-images
2023-10-07 13:01:59,542 [INFO] MainUpdater:2868 - connection check result : 10
2023-10-07 13:01:59,545 [INFO] MainUpdater:2868 - connection check result : 10
2023-10-07 13:01:59,645 [INFO] MicroXplorer:468 - Change Database Path : 
2023-10-07 13:01:59,646 [INFO] MicroXplorer:498 - Change Database Version : DB.6.0.91
2023-10-07 13:01:59,659 [WARN] ThirdParty:871 - waiting for thirdparty lock release [close project]
2023-10-07 13:01:59,659 [INFO] ThirdParty:873 - entering critical section [close project]
2023-10-07 13:01:59,669 [INFO] ThirdParty:883 - exiting critical section [close project]
2023-10-07 13:01:59,683 [INFO] PinOutPanel:1499 - setPackage(No Configuration,No Configuration)
2023-10-07 13:01:59,701 [INFO] UtilMem:75 - Begin LoadConfig() Used Memory: 780016112 Bytes (1073741824)
2023-10-07 13:01:59,711 [INFO] OpenFileManager:308 - Change cursor
2023-10-07 13:01:59,810 [INFO] ProjectFactory:402 - No CPN specified for board NUCLEO-H743ZI2 => set CPN to STM32H743ZIT6
2023-10-07 13:01:59,811 [INFO] Mcu:1946 - Initializing MCU STM32H743ZITx STM32H743ZITx STM32H743ZIT6
2023-10-07 13:02:13,040 [INFO] Context:659 - Trying to add GPIOservice into a context  which must be forbidden
2023-10-07 13:02:18,195 [INFO] Rule:228 - rule 117617 - U5Cobra4M][GTZC] default value MPCBB3 and MPCBB5 - Not Secured memory - MPCBB1 is applicable
2023-10-07 13:02:18,195 [INFO] Rule:228 - rule 117617 - U5Cobra4M][GTZC] default value MPCBB3 and MPCBB5 - Not Secured memory - MPCBB1 is applicable
2023-10-07 13:02:18,195 [INFO] Rule:228 - rule 117617 - U5Cobra4M][GTZC] default value MPCBB3 and MPCBB5 - Not Secured memory - MPCBB2 is applicable
2023-10-07 13:02:18,195 [INFO] Rule:228 - rule 117617 - U5Cobra4M][GTZC] default value MPCBB3 and MPCBB5 - Not Secured memory - MPCBB2 is applicable
2023-10-07 13:02:18,195 [INFO] Rule:228 - rule 117617 - U5Cobra4M][GTZC] default value MPCBB3 and MPCBB5 - Not Secured memory - MPCBB3 is applicable
2023-10-07 13:02:18,196 [INFO] Rule:228 - rule 117617 - U5Cobra4M][GTZC] default value MPCBB3 and MPCBB5 - Not Secured memory - MPCBB3 is applicable
2023-10-07 13:02:18,196 [INFO] Rule:228 - rule 117617 - U5Cobra4M][GTZC] default value MPCBB3 and MPCBB5 - Not Secured memory - MPCBB4 is applicable
2023-10-07 13:02:18,196 [INFO] Rule:228 - rule 117617 - U5Cobra4M][GTZC] default value MPCBB3 and MPCBB5 - Not Secured memory - MPCBB4 is applicable
2023-10-07 13:02:18,196 [INFO] Rule:228 - rule 117617 - U5Cobra4M][GTZC] default value MPCBB3 and MPCBB5 - Secured memory - MPCBB1 is applicable
2023-10-07 13:02:18,196 [INFO] Rule:228 - rule 117617 - U5Cobra4M][GTZC] default value MPCBB3 and MPCBB5 - Secured memory - MPCBB2 is applicable
2023-10-07 13:02:18,196 [INFO] Rule:228 - rule 117617 - U5Cobra4M][GTZC] default value MPCBB3 and MPCBB5 - Secured memory - MPCBB3 is applicable
2023-10-07 13:02:18,196 [INFO] Rule:228 - rule 117617 - U5Cobra4M][GTZC] default value MPCBB3 and MPCBB5 - Secured memory - MPCBB4 is applicable
2023-10-07 13:02:18,196 [INFO] Rule:228 - rule 117617 - U5Cobra4M][GTZC] default value MPCBB3 and MPCBB5 - Privileged memory - MPCBB1 is applicable
2023-10-07 13:02:18,197 [INFO] Rule:228 - rule 117617 - U5Cobra4M][GTZC] default value MPCBB3 and MPCBB5 - Privileged memory - MPCBB2 is applicable
2023-10-07 13:02:18,197 [INFO] Rule:228 - rule 117617 - U5Cobra4M][GTZC] default value MPCBB3 and MPCBB5 - Privileged memory - MPCBB3 is applicable
2023-10-07 13:02:18,197 [INFO] Rule:228 - rule 117617 - U5Cobra4M][GTZC] default value MPCBB3 and MPCBB5 - Privileged memory - MPCBB4 is applicable
2023-10-07 13:02:18,197 [INFO] Rule:228 - rule 117617 - U5Cobra4M][GTZC] default value MPCBB3 and MPCBB5 - Not Privileged memory - MPCBB1 is applicable
2023-10-07 13:02:18,197 [INFO] Rule:228 - rule 117617 - U5Cobra4M][GTZC] default value MPCBB3 and MPCBB5 - Not Privileged memory - MPCBB2 is applicable
2023-10-07 13:02:18,197 [INFO] Rule:228 - rule 117617 - U5Cobra4M][GTZC] default value MPCBB3 and MPCBB5 - Not Privileged memory - MPCBB3 is applicable
2023-10-07 13:02:18,197 [INFO] Rule:228 - rule 117617 - U5Cobra4M][GTZC] default value MPCBB3 and MPCBB5 - Not Privileged memory - MPCBB4 is applicable
2023-10-07 13:02:18,197 [INFO] Rule:228 - rule 117617 - U5Cobra4M][GTZC] default value MPCBB3 and MPCBB5 - Privileged memory - MPCBB1 is applicable
2023-10-07 13:02:18,198 [INFO] Rule:228 - rule 117617 - U5Cobra4M][GTZC] default value MPCBB3 and MPCBB5 - Privileged memory - MPCBB2 is applicable
2023-10-07 13:02:18,198 [INFO] Rule:228 - rule 117617 - U5Cobra4M][GTZC] default value MPCBB3 and MPCBB5 - Privileged memory - MPCBB3 is applicable
2023-10-07 13:02:18,198 [INFO] Rule:228 - rule 117617 - U5Cobra4M][GTZC] default value MPCBB3 and MPCBB5 - Privileged memory - MPCBB4 is applicable
2023-10-07 13:02:18,198 [INFO] Rule:228 - rule 117617 - U5Cobra4M][GTZC] default value MPCBB3 and MPCBB5 - Privileged memory - MPCBB1 is applicable
2023-10-07 13:02:18,198 [INFO] Rule:228 - rule 117617 - U5Cobra4M][GTZC] default value MPCBB3 and MPCBB5 - Privileged memory - MPCBB2 is applicable
2023-10-07 13:02:18,198 [INFO] Rule:228 - rule 117617 - U5Cobra4M][GTZC] default value MPCBB3 and MPCBB5 - Privileged memory - MPCBB3 is applicable
2023-10-07 13:02:18,198 [INFO] Rule:228 - rule 117617 - U5Cobra4M][GTZC] default value MPCBB3 and MPCBB5 - Privileged memory - MPCBB4 is applicable
2023-10-07 13:02:18,199 [INFO] Rule:228 - rule 117617 - U5Cobra4M][GTZC] default value MPCBB3 and MPCBB5 - Not Privileged memory - MPCBB1 is applicable
2023-10-07 13:02:18,199 [INFO] Rule:228 - rule 117617 - U5Cobra4M][GTZC] default value MPCBB3 and MPCBB5 - Not Privileged memory - MPCBB2 is applicable
2023-10-07 13:02:18,199 [INFO] Rule:228 - rule 117617 - U5Cobra4M][GTZC] default value MPCBB3 and MPCBB5 - Not Privileged memory - MPCBB3 is applicable
2023-10-07 13:02:18,199 [INFO] Rule:228 - rule 117617 - U5Cobra4M][GTZC] default value MPCBB3 and MPCBB5 - Not Privileged memory - MPCBB4 is applicable
2023-10-07 13:02:18,199 [INFO] Rule:228 - rule 117617 - U5Cobra4M][GTZC] default value MPCBB3 and MPCBB5 - Privileged memory - MPCBB1 is applicable
2023-10-07 13:02:18,199 [INFO] Rule:228 - rule 117617 - U5Cobra4M][GTZC] default value MPCBB3 and MPCBB5 - Privileged memory - MPCBB2 is applicable
2023-10-07 13:02:18,199 [INFO] Rule:228 - rule 117617 - U5Cobra4M][GTZC] default value MPCBB3 and MPCBB5 - Privileged memory - MPCBB3 is applicable
2023-10-07 13:02:18,200 [INFO] Rule:228 - rule 117617 - U5Cobra4M][GTZC] default value MPCBB3 and MPCBB5 - Privileged memory - MPCBB4 is applicable
2023-10-07 13:02:18,200 [INFO] Rule:228 - rule Rename SubGHz_Phy SUBGHZ_APPLICATION SUBGHZ_PINGPONG to SUBGHZ_ADV_APPLICATION is applicable
2023-10-07 13:02:18,200 [INFO] Rule:228 - rule GTZC_S instance for project manager is applicable
2023-10-07 13:02:18,201 [INFO] Rule:228 - rule GTZC_S instance for context M33S is applicable
2023-10-07 13:02:18,201 [INFO] Rule:228 - rule GTZC_S instance value for IP GTZC is applicable
2023-10-07 13:02:18,201 [INFO] Rule:228 - rule GTZC_S instance for mcu.IP is applicable
2023-10-07 13:02:18,201 [INFO] Rule:228 - rule GTZC_S instance for VP is applicable
2023-10-07 13:02:18,202 [INFO] Rule:228 - rule GTZC_S instance for signal is applicable
2023-10-07 13:02:18,202 [INFO] Rule:228 - rule WakeUp0 Mode is applicable
2023-10-07 13:02:18,202 [INFO] Rule:228 - rule WakeUp0 SIGNAL is applicable
2023-10-07 13:02:18,202 [INFO] Rule:228 - rule WakeUp1 Mode is applicable
2023-10-07 13:02:18,203 [INFO] Rule:228 - rule WakeUp1 SIGNAL is applicable
2023-10-07 13:02:18,203 [INFO] Rule:228 - rule WakeUp2 Mode is applicable
2023-10-07 13:02:18,203 [INFO] Rule:228 - rule WakeUp2 SIGNAL is applicable
2023-10-07 13:02:18,204 [INFO] Rule:228 - rule WakeUp4 Mode is applicable
2023-10-07 13:02:18,204 [INFO] Rule:228 - rule WakeUp4 SIGNAL is applicable
2023-10-07 13:02:18,204 [INFO] Rule:228 - rule WakeUp5 Mode is applicable
2023-10-07 13:02:18,204 [INFO] Rule:228 - rule WakeUp5 SIGNAL is applicable
2023-10-07 13:02:18,205 [INFO] Rule:228 - rule Change Default Value for LSE Drive Capability for WB family is applicable
2023-10-07 13:02:18,205 [INFO] Rule:228 - rule Change Default Value for ADC Clock Prescaler G0 family is applicable
2023-10-07 13:02:18,206 [INFO] Rule:228 - rule Change GPIO_Pu Default Value for I2C is applicable
2023-10-07 13:02:18,207 [INFO] Rule:228 - rule Change GPIO_Pu Default Value for SMBus is applicable
2023-10-07 13:02:18,207 [INFO] Rule:228 - rule change FDCAN default value is applicable
2023-10-07 13:02:18,221 [INFO] DbConfProperties:307 - Apply Compatibility (13/58 Rules)
2023-10-07 13:02:19,080 [INFO] RtosManager:555 - Registered RTOS mode: class=CMSIS, group=RTOS, mode=CMSIS_V1, owner=FREERTOS
2023-10-07 13:02:19,080 [INFO] RtosManager:555 - Registered RTOS mode: class=CMSIS, group=RTOS2, mode=CMSIS_V2, owner=FREERTOS
2023-10-07 13:02:19,080 [INFO] RtosManager:555 - Registered RTOS mode: class=RTOS, group=Core, mode=CMSIS_V1, owner=FREERTOS
2023-10-07 13:02:19,080 [INFO] RtosManager:555 - Registered RTOS mode: class=RTOS, group=Core, mode=CMSIS_V2, owner=FREERTOS
2023-10-07 13:02:19,081 [WARN] ModelIntegratedComponent:184 - Missing modes for component STMicroelectronics:FreeRTOS:0.0.1:STMicroelectronics:RTOS:FreeRTOS:Core:::10.2.0:
2023-10-07 13:02:19,108 [WARN] ModelIntegratedComponent:63 - No mode defined for component null
2023-10-07 13:02:19,109 [WARN] ModelIntegratedComponent:63 - No mode defined for component null
2023-10-07 13:02:19,109 [WARN] ModelIntegratedComponent:63 - No mode defined for component null
2023-10-07 13:02:19,109 [WARN] ModelIntegratedComponent:63 - No mode defined for component null
2023-10-07 13:02:19,109 [WARN] ModelIntegratedComponent:63 - No mode defined for component null
2023-10-07 13:02:19,109 [WARN] ModelIntegratedComponent:63 - No mode defined for component null
2023-10-07 13:02:19,109 [WARN] ModelIntegratedComponent:63 - No mode defined for component null
2023-10-07 13:02:19,109 [WARN] ModelIntegratedComponent:63 - No mode defined for component null
2023-10-07 13:02:19,110 [WARN] ModelIntegratedComponent:63 - No mode defined for component null
2023-10-07 13:02:19,110 [WARN] ModelIntegratedComponent:63 - No mode defined for component null
2023-10-07 13:02:19,110 [WARN] ModelIntegratedComponent:63 - No mode defined for component null
2023-10-07 13:02:19,110 [WARN] ModelIntegratedComponent:63 - No mode defined for component null
2023-10-07 13:02:19,110 [WARN] ModelIntegratedComponent:63 - No mode defined for component null
2023-10-07 13:02:19,110 [WARN] ModelIntegratedComponent:63 - No mode defined for component null
2023-10-07 13:02:19,111 [WARN] ModelIntegratedComponent:63 - No mode defined for component null
2023-10-07 13:02:19,111 [WARN] ModelIntegratedComponent:63 - No mode defined for component null
2023-10-07 13:02:19,111 [WARN] ModelIntegratedComponent:63 - No mode defined for component null
2023-10-07 13:02:19,111 [WARN] ModelIntegratedComponent:63 - No mode defined for component null
2023-10-07 13:02:19,111 [WARN] ModelIntegratedComponent:63 - No mode defined for component null
2023-10-07 13:02:19,111 [WARN] ModelIntegratedComponent:63 - No mode defined for component null
2023-10-07 13:02:19,111 [WARN] ModelIntegratedComponent:63 - No mode defined for component null
2023-10-07 13:02:19,111 [WARN] ModelIntegratedComponent:63 - No mode defined for component null
2023-10-07 13:02:19,111 [WARN] ModelIntegratedComponent:63 - No mode defined for component null
2023-10-07 13:02:19,112 [WARN] ModelIntegratedComponent:63 - No mode defined for component null
2023-10-07 13:02:19,112 [WARN] ModelIntegratedComponent:63 - No mode defined for component null
2023-10-07 13:02:19,112 [WARN] ModelIntegratedComponent:63 - No mode defined for component null
2023-10-07 13:02:19,112 [WARN] ModelIntegratedComponent:63 - No mode defined for component null
2023-10-07 13:02:19,113 [WARN] ModelIntegratedComponent:63 - No mode defined for component null
2023-10-07 13:02:19,113 [WARN] ModelIntegratedComponent:63 - No mode defined for component null
2023-10-07 13:02:19,113 [WARN] ModelIntegratedComponent:63 - No mode defined for component null
2023-10-07 13:02:19,113 [WARN] ModelIntegratedComponent:63 - No mode defined for component null
2023-10-07 13:02:19,113 [WARN] ModelIntegratedComponent:63 - No mode defined for component null
2023-10-07 13:02:19,113 [WARN] ModelIntegratedComponent:63 - No mode defined for component null
2023-10-07 13:02:19,164 [INFO] ThirdPartyModel:298 - Start build external matchings
2023-10-07 13:02:19,978 [INFO] ThirdPartyModel:316 - End build external matchings
2023-10-07 13:02:20,022 [INFO] ImportTextPane:194 - (OptionalMessage_ERROR) IP (RCC) : Invalid parameter (FamilyName)
2023-10-07 13:02:21,997 [INFO] UtilMem:75 - End LoadConfig() Used Memory: 732263408 Bytes (1073741824)
2023-10-07 13:02:22,452 [WARN] ThirdParty:833 - waiting for thirdparty lock release [change project]
2023-10-07 13:02:22,453 [INFO] ThirdParty:835 - entering critical section [change project]
2023-10-07 13:02:22,453 [INFO] ThirdParty:1030 - CMSIS Pack Vendor :STMicroelectronics X-CUBE-ISPU 1.1.0
2023-10-07 13:02:22,453 [INFO] ThirdParty:1030 - CMSIS Pack Vendor :STMicroelectronics USBPD 4.1
2023-10-07 13:02:22,454 [INFO] ThirdParty:1030 - CMSIS Pack Vendor :STMicroelectronics X-CUBE-GNSS1 6.0.0
2023-10-07 13:02:22,454 [INFO] ThirdParty:1030 - CMSIS Pack Vendor :STMicroelectronics USB_HOST 2.0.0
2023-10-07 13:02:22,454 [INFO] ThirdParty:1030 - CMSIS Pack Vendor :STMicroelectronics X-CUBE-AZRTOS-F4 1.1.0
2023-10-07 13:02:22,454 [INFO] ThirdParty:1030 - CMSIS Pack Vendor :STMicroelectronics LIBJPEG 8.0.0
2023-10-07 13:02:22,454 [INFO] ThirdParty:1030 - CMSIS Pack Vendor :wolfSSL I-CUBE-wolfSSL 5.6.3
2023-10-07 13:02:22,454 [INFO] ThirdParty:1030 - CMSIS Pack Vendor :STMicroelectronics X-CUBE-SMBUS 2.1.0
2023-10-07 13:02:22,455 [INFO] ThirdParty:1030 - CMSIS Pack Vendor :STMicroelectronics USB_DEVICE 3.0.0
2023-10-07 13:02:22,455 [INFO] ThirdParty:1030 - CMSIS Pack Vendor :STMicroelectronics X-CUBE-AZRTOS-WB 2.0.0
2023-10-07 13:02:22,455 [INFO] ThirdParty:1030 - CMSIS Pack Vendor :STMicroelectronics X-CUBE-AZRTOS-F7 1.1.0
2023-10-07 13:02:22,455 [INFO] ThirdParty:1030 - CMSIS Pack Vendor :STMicroelectronics X-CUBE-AZRTOS-L5 2.0.0
2023-10-07 13:02:22,455 [INFO] ThirdParty:1030 - CMSIS Pack Vendor :STMicroelectronics USB_DEVICE 2.0.0
2023-10-07 13:02:22,455 [INFO] ThirdParty:1030 - CMSIS Pack Vendor :STMicroelectronics X-CUBE-MEMS1 9.6.0
2023-10-07 13:02:22,455 [INFO] ThirdParty:1030 - CMSIS Pack Vendor :ITTIA_DB I-CUBE-ITTIADB 8.8.0
2023-10-07 13:02:22,456 [INFO] ThirdParty:1030 - CMSIS Pack Vendor :STMicroelectronics FP-SNS-MOTENV1 4.3.2
2023-10-07 13:02:22,456 [INFO] ThirdParty:1030 - CMSIS Pack Vendor :STMicroelectronics X-CUBE-ALGOBUILD 1.3.0
2023-10-07 13:02:22,456 [INFO] ThirdParty:1030 - CMSIS Pack Vendor :STMicroelectronics FreeRTOS 0.0.1
2023-10-07 13:02:22,457 [INFO] ThirdParty:1030 - CMSIS Pack Vendor :STMicroelectronics X-CUBE-AZRTOS-G0 1.1.0
2023-10-07 13:02:22,457 [INFO] ThirdParty:1030 - CMSIS Pack Vendor :STMicroelectronics X-CUBE-BLEMGR 2.0.0
2023-10-07 13:02:22,457 [INFO] ThirdParty:1030 - CMSIS Pack Vendor :STMicroelectronics X-CUBE-NFC4 3.0.0
2023-10-07 13:02:22,457 [INFO] ThirdParty:1030 - CMSIS Pack Vendor :STMicroelectronics X-CUBE-SUBG2 5.0.0
2023-10-07 13:02:22,458 [INFO] ThirdParty:1030 - CMSIS Pack Vendor :STMicroelectronics STM32_WPAN 1.0.0
2023-10-07 13:02:22,458 [INFO] ThirdParty:1030 - CMSIS Pack Vendor :STMicroelectronics lwIP 2.0.3
2023-10-07 13:02:22,458 [INFO] ThirdParty:1030 - CMSIS Pack Vendor :STMicroelectronics FP-SNS-FLIGHT1 5.0.2
2023-10-07 13:02:22,458 [INFO] ThirdParty:1030 - CMSIS Pack Vendor :STMicroelectronics USB_HOST 1.0.0
2023-10-07 13:02:22,458 [INFO] ThirdParty:1030 - CMSIS Pack Vendor :STMicroelectronics X-CUBE-TOF1 3.3.1
2023-10-07 13:02:22,458 [INFO] ThirdParty:1030 - CMSIS Pack Vendor :STMicroelectronics X-CUBE-AZRTOS-G4 2.0.0
2023-10-07 13:02:22,458 [INFO] ThirdParty:1030 - CMSIS Pack Vendor :STMicroelectronics PDM2PCM 3.1.0
2023-10-07 13:02:22,458 [INFO] ThirdParty:1030 - CMSIS Pack Vendor :STMicroelectronics X-CUBE-AZRTOS-H7 3.1.0
2023-10-07 13:02:22,458 [INFO] ThirdParty:1030 - CMSIS Pack Vendor :Infineon AIROC-Wi-Fi-Bluetooth-STM32 1.5.1
2023-10-07 13:02:22,458 [INFO] ThirdParty:1030 - CMSIS Pack Vendor :STMicroelectronics PDM2PCM 3.3.0
2023-10-07 13:02:22,458 [INFO] ThirdParty:1030 - CMSIS Pack Vendor :STMicroelectronics X-CUBE-DISPLAY 3.0.0
2023-10-07 13:02:22,458 [INFO] ThirdParty:1030 - CMSIS Pack Vendor :STMicroelectronics X-CUBE-BLE1 7.0.0
2023-10-07 13:02:22,459 [INFO] ThirdParty:1030 - CMSIS Pack Vendor :STMicroelectronics FP-ATR-SIGFOX1 3.2.0
2023-10-07 13:02:22,459 [INFO] ThirdParty:1030 - CMSIS Pack Vendor :STMicroelectronics HAL Drivers 0.0.0
2023-10-07 13:02:22,459 [INFO] ThirdParty:1030 - CMSIS Pack Vendor :STMicroelectronics MBEDTLS 2.16.2
2023-10-07 13:02:22,459 [INFO] ThirdParty:1030 - CMSIS Pack Vendor :emotas I-CUBE-CANOPEN 1.3.0
2023-10-07 13:02:22,459 [INFO] ThirdParty:1030 - CMSIS Pack Vendor :STMicroelectronics X-CUBE-FREERTOS 1.1.0
2023-10-07 13:02:22,459 [INFO] ThirdParty:1030 - CMSIS Pack Vendor :STMicroelectronics X-CUBE-TOUCHGFX 4.22.0
2023-10-07 13:02:22,459 [INFO] ThirdParty:1030 - CMSIS Pack Vendor :STMicroelectronics X-CUBE-NFC7 1.0.1
2023-10-07 13:02:22,459 [INFO] ThirdParty:1030 - CMSIS Pack Vendor :STMicroelectronics MBEDTLS 2.14.1
2023-10-07 13:02:22,459 [INFO] ThirdParty:1030 - CMSIS Pack Vendor :STMicroelectronics X-CUBE-TOUCHGFX 4.22.1
2023-10-07 13:02:22,459 [INFO] ThirdParty:1030 - CMSIS Pack Vendor :STMicroelectronics X-CUBE-NFC6 3.0.0
2023-10-07 13:02:22,459 [INFO] ThirdParty:1030 - CMSIS Pack Vendor :STMicroelectronics X-CUBE-EEPRMA1 4.1.0
2023-10-07 13:02:22,459 [INFO] ThirdParty:1030 - CMSIS Pack Vendor :portGmbH I-Cube-SoM-uGOAL 1.1.0
2023-10-07 13:02:22,459 [INFO] ThirdParty:1030 - CMSIS Pack Vendor :STMicroelectronics X-CUBE-ALS 1.0.1
2023-10-07 13:02:22,460 [INFO] ThirdParty:1030 - CMSIS Pack Vendor :STMicroelectronics ThreadX 1.0.0
2023-10-07 13:02:22,460 [INFO] ThirdParty:1030 - CMSIS Pack Vendor :STMicroelectronics FP-SNS-SMARTAG2 1.2.0
2023-10-07 13:02:22,460 [INFO] ThirdParty:1030 - CMSIS Pack Vendor :STMicroelectronics X-CUBE-AZRTOS-WL 2.0.0
2023-10-07 13:02:22,460 [INFO] ThirdParty:1030 - CMSIS Pack Vendor :SEGGER I-CUBE-embOS 1.3.1
2023-10-07 13:02:22,460 [INFO] ThirdParty:1030 - CMSIS Pack Vendor :STMicroelectronics USB_DEVICE 1.0.0
2023-10-07 13:02:22,460 [INFO] ThirdParty:1030 - CMSIS Pack Vendor :STMicroelectronics X-CUBE-AI 8.1.0
2023-10-07 13:02:22,460 [INFO] ThirdParty:1030 - CMSIS Pack Vendor :STMicroelectronics X-CUBE-AZRTOS-L4 2.0.0
2023-10-07 13:02:22,460 [INFO] ThirdParty:1030 - CMSIS Pack Vendor :STMicroelectronics ThreadX 0.0.2
2023-10-07 13:02:22,460 [INFO] ThirdParty:1030 - CMSIS Pack Vendor :WES I-CUBE-Cesium 1.3.0
2023-10-07 13:02:22,460 [INFO] ThirdParty:1030 - CMSIS Pack Vendor :STMicroelectronics FP-ATR-ASTRA1 2.0.0
2023-10-07 13:02:22,460 [INFO] ThirdParty:1030 - CMSIS Pack Vendor :STMicroelectronics lwIP 2.1.2
2023-10-07 13:02:22,460 [INFO] ThirdParty:1030 - CMSIS Pack Vendor :STMicroelectronics X-CUBE-SFXS2LP1 4.0.0
2023-10-07 13:02:22,460 [INFO] ThirdParty:1030 - CMSIS Pack Vendor :STMicroelectronics X-CUBE-BLE2 3.3.0
2023-10-07 13:02:22,460 [INFO] ThirdParty:1030 - CMSIS Pack Vendor :STMicroelectronics PDM2PCM 3.2.0
2023-10-07 13:02:22,460 [INFO] ThirdParty:841 - exiting critical section [change project]
2023-10-07 13:02:24,449 [INFO] PinOutPanel:1499 - setPackage(No Configuration,No Configuration)
2023-10-07 13:02:24,454 [INFO] PinOutPanel:1499 - setPackage(STM32H743ZITx,LQFP144)
2023-10-07 13:02:27,030 [INFO] UtilMem:75 - Before build in PCC Used Memory: 908825168 Bytes (1073741824)
2023-10-07 13:02:30,302 [INFO] UtilMem:75 - After build in PCC Used Memory: 780517376 Bytes (1073741824)
2023-10-07 13:02:30,484 [INFO] IPUIPlugin:80 - create IPUIPlugin
2023-10-07 13:02:30,485 [INFO] IPUIPlugin:80 - create IPUIPlugin
2023-10-07 13:02:30,485 [INFO] IPUIPlugin:80 - create IPUIPlugin
2023-10-07 13:02:30,487 [INFO] IPUIPlugin:80 - create IPUIPlugin
2023-10-07 13:02:30,488 [INFO] IPUIPlugin:80 - create IPUIPlugin
2023-10-07 13:02:30,488 [INFO] IPUIPlugin:80 - create IPUIPlugin
2023-10-07 13:02:30,489 [INFO] IPUIPlugin:80 - create IPUIPlugin
2023-10-07 13:02:30,490 [INFO] IPUIPlugin:80 - create IPUIPlugin
2023-10-07 13:02:30,490 [INFO] IPUIPlugin:80 - create IPUIPlugin
2023-10-07 13:02:30,491 [INFO] IPUIPlugin:80 - create IPUIPlugin
2023-10-07 13:02:30,492 [INFO] IPUIPlugin:80 - create IPUIPlugin
2023-10-07 13:02:30,492 [INFO] IPUIPlugin:80 - create IPUIPlugin
2023-10-07 13:02:30,493 [INFO] IPUIPlugin:80 - create IPUIPlugin
2023-10-07 13:02:30,493 [INFO] IPUIPlugin:80 - create IPUIPlugin
2023-10-07 13:02:30,494 [INFO] IPUIPlugin:80 - create IPUIPlugin
2023-10-07 13:02:30,495 [INFO] IPUIPlugin:80 - create IPUIPlugin
2023-10-07 13:02:30,495 [INFO] IPUIPlugin:80 - create IPUIPlugin
2023-10-07 13:02:30,496 [INFO] IPUIPlugin:80 - create IPUIPlugin
2023-10-07 13:02:30,497 [INFO] IPUIPlugin:80 - create IPUIPlugin
2023-10-07 13:02:30,498 [INFO] IPUIPlugin:80 - create IPUIPlugin
2023-10-07 13:02:30,500 [INFO] IPUIPlugin:80 - create IPUIPlugin
2023-10-07 13:02:30,501 [INFO] IPUIPlugin:80 - create IPUIPlugin
2023-10-07 13:02:30,502 [INFO] IPUIPlugin:80 - create IPUIPlugin
2023-10-07 13:02:30,503 [INFO] IPUIPlugin:80 - create IPUIPlugin
2023-10-07 13:02:30,503 [INFO] IPUIPlugin:80 - create IPUIPlugin
2023-10-07 13:02:30,504 [INFO] IPUIPlugin:80 - create IPUIPlugin
2023-10-07 13:02:30,504 [INFO] IPUIPlugin:80 - create IPUIPlugin
2023-10-07 13:02:30,505 [INFO] IPUIPlugin:80 - create IPUIPlugin
2023-10-07 13:02:30,505 [INFO] IPUIPlugin:80 - create IPUIPlugin
2023-10-07 13:02:30,506 [INFO] IPUIPlugin:80 - create IPUIPlugin
2023-10-07 13:02:30,507 [INFO] IPUIPlugin:80 - create IPUIPlugin
2023-10-07 13:02:30,507 [INFO] IPUIPlugin:80 - create IPUIPlugin
2023-10-07 13:02:30,508 [INFO] IPUIPlugin:80 - create IPUIPlugin
2023-10-07 13:02:30,509 [INFO] IPUIPlugin:80 - create IPUIPlugin
2023-10-07 13:02:30,513 [INFO] IPUIPlugin:80 - create IPUIPlugin
2023-10-07 13:02:30,519 [INFO] IPUIPlugin:80 - create IPUIPlugin
2023-10-07 13:02:30,521 [INFO] IPUIPlugin:80 - create IPUIPlugin
2023-10-07 13:02:30,522 [INFO] IPUIPlugin:80 - create IPUIPlugin
2023-10-07 13:02:30,524 [INFO] IPUIPlugin:80 - create IPUIPlugin
2023-10-07 13:02:30,526 [INFO] IPUIPlugin:80 - create IPUIPlugin
2023-10-07 13:02:30,527 [INFO] IPUIPlugin:80 - create IPUIPlugin
2023-10-07 13:02:30,528 [INFO] IPUIPlugin:80 - create IPUIPlugin
2023-10-07 13:02:30,530 [INFO] IPUIPlugin:80 - create IPUIPlugin
2023-10-07 13:02:30,530 [INFO] IPUIPlugin:80 - create IPUIPlugin
2023-10-07 13:02:30,533 [INFO] IPUIPlugin:80 - create IPUIPlugin
2023-10-07 13:02:30,535 [INFO] IPUIPlugin:80 - create IPUIPlugin
2023-10-07 13:02:30,536 [INFO] IPUIPlugin:80 - create IPUIPlugin
2023-10-07 13:02:30,537 [INFO] IPUIPlugin:80 - create IPUIPlugin
2023-10-07 13:02:30,538 [INFO] IPUIPlugin:80 - create IPUIPlugin
2023-10-07 13:02:30,539 [INFO] IPUIPlugin:80 - create IPUIPlugin
2023-10-07 13:02:30,541 [INFO] IPUIPlugin:80 - create IPUIPlugin
2023-10-07 13:02:30,542 [INFO] IPUIPlugin:80 - create IPUIPlugin
2023-10-07 13:02:30,544 [INFO] IPUIPlugin:80 - create IPUIPlugin
2023-10-07 13:02:30,545 [INFO] IPUIPlugin:80 - create IPUIPlugin
2023-10-07 13:02:30,547 [INFO] IPUIPlugin:80 - create IPUIPlugin
2023-10-07 13:02:30,548 [INFO] IPUIPlugin:80 - create IPUIPlugin
2023-10-07 13:02:30,550 [INFO] IPUIPlugin:80 - create IPUIPlugin
2023-10-07 13:02:30,551 [INFO] IPUIPlugin:80 - create IPUIPlugin
2023-10-07 13:02:30,552 [INFO] IPUIPlugin:80 - create IPUIPlugin
2023-10-07 13:02:30,553 [INFO] IPUIPlugin:80 - create IPUIPlugin
2023-10-07 13:02:30,554 [INFO] IPUIPlugin:80 - create IPUIPlugin
2023-10-07 13:02:30,555 [INFO] IPUIPlugin:80 - create IPUIPlugin
2023-10-07 13:02:30,556 [INFO] IPUIPlugin:80 - create IPUIPlugin
2023-10-07 13:02:30,558 [INFO] IPUIPlugin:80 - create IPUIPlugin
2023-10-07 13:02:30,559 [INFO] IPUIPlugin:80 - create IPUIPlugin
2023-10-07 13:02:30,560 [INFO] IPUIPlugin:80 - create IPUIPlugin
2023-10-07 13:02:30,561 [INFO] IPUIPlugin:80 - create IPUIPlugin
2023-10-07 13:02:30,564 [INFO] IPUIPlugin:80 - create IPUIPlugin
2023-10-07 13:02:30,566 [INFO] IPUIPlugin:80 - create IPUIPlugin
2023-10-07 13:02:30,568 [INFO] IPUIPlugin:80 - create IPUIPlugin
2023-10-07 13:02:30,569 [INFO] IPUIPlugin:80 - create IPUIPlugin
2023-10-07 13:02:30,570 [INFO] IPUIPlugin:80 - create IPUIPlugin
2023-10-07 13:02:30,573 [INFO] IPUIPlugin:80 - create IPUIPlugin
2023-10-07 13:02:30,574 [INFO] IPUIPlugin:80 - create IPUIPlugin
2023-10-07 13:02:30,575 [INFO] IPUIPlugin:80 - create IPUIPlugin
2023-10-07 13:02:30,577 [INFO] IPUIPlugin:80 - create IPUIPlugin
2023-10-07 13:02:30,578 [INFO] IPUIPlugin:80 - create IPUIPlugin
2023-10-07 13:02:30,580 [INFO] IPUIPlugin:80 - create IPUIPlugin
2023-10-07 13:02:30,582 [INFO] IPUIPlugin:80 - create IPUIPlugin
2023-10-07 13:02:30,584 [INFO] IPUIPlugin:80 - create IPUIPlugin
2023-10-07 13:02:30,586 [INFO] IPUIPlugin:80 - create IPUIPlugin
2023-10-07 13:02:30,587 [INFO] IPUIPlugin:80 - create IPUIPlugin
2023-10-07 13:02:30,589 [INFO] IPUIPlugin:80 - create IPUIPlugin
2023-10-07 13:02:30,591 [INFO] IPUIPlugin:80 - create IPUIPlugin
2023-10-07 13:02:30,592 [INFO] IPUIPlugin:80 - create IPUIPlugin
2023-10-07 13:02:30,594 [INFO] IPUIPlugin:80 - create IPUIPlugin
2023-10-07 13:02:30,596 [INFO] IPUIPlugin:80 - create IPUIPlugin
2023-10-07 13:02:30,598 [INFO] IPUIPlugin:80 - create IPUIPlugin
2023-10-07 13:02:30,600 [INFO] IPUIPlugin:80 - create IPUIPlugin
2023-10-07 13:02:30,602 [INFO] IPUIPlugin:80 - create IPUIPlugin
2023-10-07 13:02:30,604 [INFO] IPUIPlugin:80 - create IPUIPlugin
2023-10-07 13:02:30,607 [INFO] IPUIPlugin:80 - create IPUIPlugin
2023-10-07 13:02:30,609 [INFO] IPUIPlugin:80 - create IPUIPlugin
2023-10-07 13:02:30,611 [INFO] IPUIPlugin:80 - create IPUIPlugin
2023-10-07 13:02:30,614 [INFO] IPUIPlugin:80 - create IPUIPlugin
2023-10-07 13:02:30,616 [INFO] IPUIPlugin:80 - create IPUIPlugin
2023-10-07 13:02:30,619 [INFO] IPUIPlugin:80 - create IPUIPlugin
2023-10-07 13:02:30,957 [INFO] ApiDbMcu:507 - Load IP Config File for PDM2PCM
2023-10-07 13:02:31,955 [INFO] CADModel:165 - CPN selected for project levelSTM32H743ZIT6
2023-10-07 13:02:31,956 [INFO] CADModel:114 - Register for checkConnection events
2023-10-07 13:02:32,049 [INFO] OpenFileManager:328 - Restore cursor
2023-10-07 13:02:35,686 [INFO] UtilMem:75 - End SaveConfig() Used Memory: 855539088 Bytes (1073741824)
2023-10-07 13:02:35,933 [INFO] UtilMem:75 - End SaveConfig() Used Memory: 886988416 Bytes (1073741824)
2023-10-07 13:02:37,182 [INFO] BlockDiagram:2759 - set Specific Code input for plugin: RCC
2023-10-07 13:02:37,182 [INFO] BlockDiagram:2759 - set Specific Code input for plugin: USART
2023-10-07 13:02:37,182 [INFO] BlockDiagram:2759 - set Specific Code input for plugin: ETH
2023-10-07 13:02:37,183 [INFO] BlockDiagram:2759 - set Specific Code input for plugin: SYS
2023-10-07 13:02:37,183 [INFO] BlockDiagram:2759 - set Specific Code input for plugin: USB_OTG_FS
2023-10-07 13:02:37,184 [INFO] BlockDiagram:2759 - set Specific Code input for plugin: NVIC
2023-10-07 13:02:37,187 [INFO] BlockDiagram:2759 - set Specific Code input for plugin: GPIO
2023-10-07 13:02:37,190 [INFO] CodeGenerator:799 - code generatio: config db path: C:\ST\STM32CubeIDE_1.13.1\STM32CubeIDE\plugins\com.st.stm32cube.common.mx_6.9.1.202307191849\\db\
2023-10-07 13:02:38,667 [INFO] CodeEngine:255 - oldGeneratedFile, C:\Users\mdurr\Code\UMDLoop\BMS\BMS-Driver\MXTmpFiles\license.tmp_save
2023-10-07 13:02:39,890 [INFO] CodeEngine:279 - Generated code: C:\Users\mdurr\Code\UMDLoop\BMS\BMS-Driver\MXTmpFiles\license.tmp
2023-10-07 13:02:40,820 [INFO] CodeEngine:255 - oldGeneratedFile, C:\Users\mdurr\Code\UMDLoop\BMS\BMS-Driver\MXTmpFiles\gpio.tmp_save
2023-10-07 13:02:41,397 [INFO] CodeEngine:279 - Generated code: C:\Users\mdurr\Code\UMDLoop\BMS\BMS-Driver\MXTmpFiles\gpio.tmp
2023-10-07 13:02:43,377 [INFO] CodeEngine:255 - oldGeneratedFile, C:\Users\mdurr\Code\UMDLoop\BMS\BMS-Driver\MXTmpFiles\cortex.tmp_save
2023-10-07 13:02:43,921 [INFO] CodeEngine:279 - Generated code: C:\Users\mdurr\Code\UMDLoop\BMS\BMS-Driver\MXTmpFiles\cortex.tmp
2023-10-07 13:02:44,012 [INFO] CodeEngine:255 - oldGeneratedFile, C:\Users\mdurr\Code\UMDLoop\BMS\BMS-Driver\Core\Src\stm32h7xx_it.c_save
2023-10-07 13:02:44,572 [INFO] CodeEngine:279 - Generated code: C:\Users\mdurr\Code\UMDLoop\BMS\BMS-Driver\Core\Src\stm32h7xx_it.c
2023-10-07 13:02:44,605 [INFO] CodeEngine:255 - oldGeneratedFile, C:\Users\mdurr\Code\UMDLoop\BMS\BMS-Driver\Core\Inc\stm32h7xx_it.h_save
2023-10-07 13:02:44,961 [INFO] CodeEngine:279 - Generated code: C:\Users\mdurr\Code\UMDLoop\BMS\BMS-Driver\Core\Inc\stm32h7xx_it.h
2023-10-07 13:02:45,720 [INFO] CodeEngine:255 - oldGeneratedFile, C:\Users\mdurr\Code\UMDLoop\BMS\BMS-Driver\Core\Src\stm32h7xx_hal_msp.c_save
2023-10-07 13:02:46,341 [INFO] CodeEngine:279 - Generated code: C:\Users\mdurr\Code\UMDLoop\BMS\BMS-Driver\Core\Src\stm32h7xx_hal_msp.c
2023-10-07 13:02:46,392 [INFO] CodeEngine:255 - oldGeneratedFile, C:\Users\mdurr\Code\UMDLoop\BMS\BMS-Driver\MXTmpFiles\system.tmp_save
2023-10-07 13:02:46,655 [INFO] CodeEngine:279 - Generated code: C:\Users\mdurr\Code\UMDLoop\BMS\BMS-Driver\MXTmpFiles\system.tmp
2023-10-07 13:02:46,708 [INFO] CodeEngine:311 - oldGeneratedFile, C:\Users\mdurr\Code\UMDLoop\BMS\BMS-Driver\Core\Inc\stm32h7xx_hal_conf.h_save
2023-10-07 13:02:47,065 [INFO] CodeEngine:335 - Generated code: C:\Users\mdurr\Code\UMDLoop\BMS\BMS-Driver\Core\Inc\stm32h7xx_hal_conf.h
2023-10-07 13:02:47,285 [WARN] IPConfigManager:3431 - IP not found : USB_OTG
2023-10-07 13:02:47,288 [WARN] CodeGenerator:3760 - IP not found : null
2023-10-07 13:02:47,331 [INFO] CodeEngine:255 - oldGeneratedFile, C:\Users\mdurr\Code\UMDLoop\BMS\BMS-Driver\Core\Inc\main.h_save
2023-10-07 13:02:47,987 [INFO] CodeEngine:279 - Generated code: C:\Users\mdurr\Code\UMDLoop\BMS\BMS-Driver\Core\Inc\main.h
2023-10-07 13:02:48,029 [INFO] CodeEngine:255 - oldGeneratedFile, C:\Users\mdurr\Code\UMDLoop\BMS\BMS-Driver\Core\Src\main.c_save
2023-10-07 13:02:49,065 [INFO] CodeEngine:279 - Generated code: C:\Users\mdurr\Code\UMDLoop\BMS\BMS-Driver\Core\Src\main.c
2023-10-07 13:02:51,530 [INFO] ProjectBuilder:3064 - Time for Copy HAL[1] : 684mS.
2023-10-07 13:02:51,588 [INFO] ProjectBuilder:4404 - Project Generator version: 4.1.0
2023-10-07 13:02:53,925 [INFO] ConfigFileManager:1457 - The Die is : DIE450
2023-10-07 13:02:54,008 [INFO] ApiDbMcu:507 - Load IP Config File for FATFS
2023-10-07 13:02:54,067 [INFO] ApiDbMcu:507 - Load IP Config File for FREERTOS
2023-10-07 13:02:54,105 [INFO] ApiDbMcu:507 - Load IP Config File for LIBJPEG
2023-10-07 13:02:54,172 [INFO] ApiDbMcu:507 - Load IP Config File for LWIP
2023-10-07 13:02:54,232 [INFO] ApiDbMcu:507 - Load IP Config File for MBEDTLS
2023-10-07 13:02:54,302 [INFO] ApiDbMcu:507 - Load IP Config File for USB_DEVICE
2023-10-07 13:02:54,368 [INFO] ApiDbMcu:507 - Load IP Config File for USB_HOST
2023-10-07 13:02:59,203 [INFO] LogOutputStream:77 - [STDOUT_REDIRECT] 
2023-10-07 13:03:15,777 [INFO] ProjectBuilder:4626 - Time for Generating toolchain IDE Files: 24178mS.
2023-10-07 13:03:15,804 [INFO] ProjectBuilder:2935 - Time for Copy CMSIS : 4mS.
2023-10-07 13:03:15,812 [INFO] ProjectBuilder:2935 - Time for Copy CMSIS : 0mS.
2023-10-07 13:03:18,278 [INFO] McuFinderGlobals:76 - Set McuFinderConnectedMode to true
2023-10-07 13:03:18,306 [INFO] ApiDb:448 - Save user favorites file C:\Users\mdurr/.stm32cubeide/favorites.mcus.txt: 0 item(s)
2023-10-07 13:03:18,307 [INFO] ApiDb:452 - User favorites MCUs=[]
2023-10-07 13:03:18,315 [INFO] ApiDb:448 - Save user favorites file C:\Users\mdurr/.stm32cubeide/favorites.boards.txt: 0 item(s)
2023-10-07 13:03:18,316 [INFO] ApiDb:452 - User favorites Boards=[]
2023-10-07 13:05:59,113 [INFO] I2cTimingTraitement:330 - 0x10707DBC
2023-10-07 13:06:03,585 [INFO] I2cTimingTraitement:330 - 0x10707DBC
2023-10-07 13:06:03,693 [INFO] I2cTimingTraitement:330 - 0x10707DBC
2023-10-07 13:06:27,244 [INFO] UtilMem:75 - End SaveConfig() Used Memory: 623857936 Bytes (1073741824)
2023-10-07 13:06:28,899 [INFO] UtilMem:75 - End SaveConfig() Used Memory: 657938704 Bytes (1073741824)
2023-10-07 13:06:33,416 [INFO] UtilMem:75 - End SaveConfig() Used Memory: 865030416 Bytes (1073741824)
2023-10-07 13:06:34,678 [INFO] BlockDiagram:2759 - set Specific Code input for plugin: RCC
2023-10-07 13:06:34,679 [INFO] BlockDiagram:2759 - set Specific Code input for plugin: I2C
2023-10-07 13:06:34,679 [INFO] BlockDiagram:2759 - set Specific Code input for plugin: USART
2023-10-07 13:06:34,679 [INFO] BlockDiagram:2759 - set Specific Code input for plugin: ETH
2023-10-07 13:06:34,680 [INFO] BlockDiagram:2759 - set Specific Code input for plugin: SYS
2023-10-07 13:06:34,680 [INFO] BlockDiagram:2759 - set Specific Code input for plugin: USB_OTG_FS
2023-10-07 13:06:34,680 [INFO] BlockDiagram:2759 - set Specific Code input for plugin: NVIC
2023-10-07 13:06:34,682 [INFO] BlockDiagram:2759 - set Specific Code input for plugin: GPIO
2023-10-07 13:06:34,686 [INFO] CodeGenerator:799 - code generatio: config db path: C:\ST\STM32CubeIDE_1.13.1\STM32CubeIDE\plugins\com.st.stm32cube.common.mx_6.9.1.202307191849\\db\
2023-10-07 13:06:35,124 [INFO] CodeEngine:255 - oldGeneratedFile, C:\Users\mdurr\Code\UMDLoop\BMS\BMS-Driver\MXTmpFiles\license.tmp_save
2023-10-07 13:06:35,565 [INFO] CodeEngine:279 - Generated code: C:\Users\mdurr\Code\UMDLoop\BMS\BMS-Driver\MXTmpFiles\license.tmp
2023-10-07 13:06:35,917 [INFO] CodeEngine:255 - oldGeneratedFile, C:\Users\mdurr\Code\UMDLoop\BMS\BMS-Driver\MXTmpFiles\gpio.tmp_save
2023-10-07 13:06:36,380 [INFO] CodeEngine:279 - Generated code: C:\Users\mdurr\Code\UMDLoop\BMS\BMS-Driver\MXTmpFiles\gpio.tmp
2023-10-07 13:06:38,050 [INFO] CodeEngine:255 - oldGeneratedFile, C:\Users\mdurr\Code\UMDLoop\BMS\BMS-Driver\MXTmpFiles\cortex.tmp_save
2023-10-07 13:06:38,265 [INFO] CodeEngine:279 - Generated code: C:\Users\mdurr\Code\UMDLoop\BMS\BMS-Driver\MXTmpFiles\cortex.tmp
2023-10-07 13:06:38,338 [INFO] CodeEngine:255 - oldGeneratedFile, C:\Users\mdurr\Code\UMDLoop\BMS\BMS-Driver\Core\Src\stm32h7xx_it.c_save
2023-10-07 13:06:38,783 [INFO] CodeEngine:279 - Generated code: C:\Users\mdurr\Code\UMDLoop\BMS\BMS-Driver\Core\Src\stm32h7xx_it.c
2023-10-07 13:06:38,803 [INFO] CodeEngine:255 - oldGeneratedFile, C:\Users\mdurr\Code\UMDLoop\BMS\BMS-Driver\Core\Inc\stm32h7xx_it.h_save
2023-10-07 13:06:38,960 [INFO] CodeEngine:279 - Generated code: C:\Users\mdurr\Code\UMDLoop\BMS\BMS-Driver\Core\Inc\stm32h7xx_it.h
2023-10-07 13:06:39,367 [INFO] CodeEngine:255 - oldGeneratedFile, C:\Users\mdurr\Code\UMDLoop\BMS\BMS-Driver\Core\Src\stm32h7xx_hal_msp.c_save
2023-10-07 13:06:39,821 [INFO] CodeEngine:279 - Generated code: C:\Users\mdurr\Code\UMDLoop\BMS\BMS-Driver\Core\Src\stm32h7xx_hal_msp.c
2023-10-07 13:06:39,869 [INFO] CodeEngine:255 - oldGeneratedFile, C:\Users\mdurr\Code\UMDLoop\BMS\BMS-Driver\MXTmpFiles\system.tmp_save
2023-10-07 13:06:40,032 [INFO] CodeEngine:279 - Generated code: C:\Users\mdurr\Code\UMDLoop\BMS\BMS-Driver\MXTmpFiles\system.tmp
2023-10-07 13:06:40,089 [INFO] CodeEngine:311 - oldGeneratedFile, C:\Users\mdurr\Code\UMDLoop\BMS\BMS-Driver\Core\Inc\stm32h7xx_hal_conf.h_save
2023-10-07 13:06:40,375 [INFO] CodeEngine:335 - Generated code: C:\Users\mdurr\Code\UMDLoop\BMS\BMS-Driver\Core\Inc\stm32h7xx_hal_conf.h
2023-10-07 13:06:40,444 [WARN] IPConfigManager:3431 - IP not found : USB_OTG
2023-10-07 13:06:40,446 [WARN] CodeGenerator:3760 - IP not found : null
2023-10-07 13:06:40,480 [INFO] CodeEngine:255 - oldGeneratedFile, C:\Users\mdurr\Code\UMDLoop\BMS\BMS-Driver\Core\Inc\main.h_save
2023-10-07 13:06:40,624 [INFO] CodeEngine:279 - Generated code: C:\Users\mdurr\Code\UMDLoop\BMS\BMS-Driver\Core\Inc\main.h
2023-10-07 13:06:40,657 [INFO] CodeEngine:255 - oldGeneratedFile, C:\Users\mdurr\Code\UMDLoop\BMS\BMS-Driver\Core\Src\main.c_save
2023-10-07 13:06:40,923 [INFO] CodeEngine:279 - Generated code: C:\Users\mdurr\Code\UMDLoop\BMS\BMS-Driver\Core\Src\main.c
2023-10-07 13:06:42,230 [INFO] ProjectBuilder:3064 - Time for Copy HAL[1] : 512mS.
2023-10-07 13:06:42,245 [INFO] ProjectBuilder:4404 - Project Generator version: 4.1.0
2023-10-07 13:06:42,924 [INFO] ConfigFileManager:1457 - The Die is : DIE450
2023-10-07 13:06:46,877 [INFO] ProjectBuilder:4626 - Time for Generating toolchain IDE Files: 4632mS.
2023-10-07 13:06:46,879 [INFO] ProjectBuilder:2935 - Time for Copy CMSIS : 1mS.
2023-10-07 13:06:46,885 [INFO] ProjectBuilder:2935 - Time for Copy CMSIS : 0mS.
